2026-01-20 22:39:20 - cso_atk_info - INFO - 监督器不可观测事件: {'uo1', 'o4', 'uo2', 'uo3'}
2026-01-20 22:39:20 - cso_atk_info - INFO - ============================================================
2026-01-20 22:39:20 - cso_atk_info - INFO - 攻击者不可观测事件: {'uo1', 'o1', 'uo2', 'uo3'}
2026-01-20 22:39:20 - cso_atk_info - INFO - ============================================================
2026-01-20 22:39:20 - cso_atk_info - INFO - 闭环系统状态集合: [(0, 0), (0, 1), (0, 2), (0, 5), (1, 0), (1, 1), (1, 2), (1, 3), (1, 4), (1, 5), (1, 6), (1, 7), (2, 3), (2, 6)]
2026-01-20 22:39:20 - cso_atk_info - INFO - ============================================================
2026-01-20 22:39:20 - cso_atk_info - INFO - 闭环转换关系:{((0, 0), 'o2'): (2, 3), ((0, 0), 'o3'): (1, 7), ((0, 0), 'o1'): (0, 1), ((2, 3), 'o4'): (2, 6), ((1, 7), 'uo1'): (1, 4), ((0, 1), 'uo2'): (0, 2), ((1, 4), 'o2'): (1, 1), ((1, 4), 'o1'): (1, 6), ((0, 2), 'o1'): (0, 5), ((1, 1), 'uo2'): (1, 2), ((1, 6), 'uo3'): (1, 7), ((0, 5), 'o4'): (0, 0), ((1, 2), 'o1'): (1, 5), ((1, 5), 'o4'): (1, 0), ((1, 0), 'o2'): (1, 3), ((1, 0), 'o1'): (1, 1), ((1, 3), 'o4'): (1, 6)}
2026-01-20 22:39:20 - cso_atk_info - INFO - ============================================================
2026-01-20 22:39:20 - cso_atk_info - INFO - 初始状态:[(0, 0)]
2026-01-20 22:39:20 - cso_atk_info - INFO - ============================================================
2026-01-20 22:39:20 - cso_atk_info - INFO - 闭环系统语言:{('o1', 'uo2', 'o1', 'o4', 'o1'), ('o2', 'o4'), ('o3', 'uo1', 'o1', 'uo3', 'uo1', 'o2', 'uo2'), ('o1', 'uo2', 'o1', 'o4'), ('o1', 'uo2', 'o1'), ('o3', 'uo1', 'o1', 'uo3'), ('o1', 'uo2', 'o1', 'o4', 'o3', 'uo1', 'o1'), ('o3', 'uo1', 'o2', 'uo2', 'o1'), ('o3', 'uo1', 'o2'), ('o1', 'uo2', 'o1', 'o4', 'o3'), ('o1',), ('o3', 'uo1', 'o1', 'uo3', 'uo1', 'o1', 'uo3'), ('o3', 'uo1', 'o2', 'uo2', 'o1', 'o4', 'o2', 'o4'), ('o1', 'uo2', 'o1', 'o4', 'o3', 'uo1', 'o2', 'uo2'), ('o3', 'uo1'), ('o1', 'uo2'), ('o3', 'uo1', 'o1', 'uo3', 'uo1', 'o1', 'uo3', 'uo1'), ('o3', 'uo1', 'o1'), ('o3', 'uo1', 'o2', 'uo2', 'o1', 'o4'), ('o3',), ('o1', 'uo2', 'o1', 'o4', 'o3', 'uo1', 'o1', 'uo3'), ('o3', 'uo1', 'o2', 'uo2', 'o1', 'o4', 'o1', 'uo2'), ('o3', 'uo1', 'o1', 'uo3', 'uo1', 'o2'), ('o1', 'uo2', 'o1', 'o4', 'o2', 'o4'), ('o3', 'uo1', 'o2', 'uo2', 'o1', 'o4', 'o2'), ('o1', 'uo2', 'o1', 'o4', 'o1', 'uo2', 'o1', 'o4'), ('o3', 'uo1', 'o1', 'uo3', 'uo1'), ('o1', 'uo2', 'o1', 'o4', 'o1', 'uo2', 'o1'), ('o1', 'uo2', 'o1', 'o4', 'o2'), ('o3', 'uo1', 'o1', 'uo3', 'uo1', 'o2', 'uo2', 'o1'), ('o3', 'uo1', 'o1', 'uo3', 'uo1', 'o1'), ('o1', 'uo2', 'o1', 'o4', 'o3', 'uo1'), ('o1', 'uo2', 'o1', 'o4', 'o3', 'uo1', 'o2'), ('o3', 'uo1', 'o2', 'uo2'), ('o1', 'uo2', 'o1', 'o4', 'o1', 'uo2'), ('o3', 'uo1', 'o2', 'uo2', 'o1', 'o4', 'o1'), (), ('o2',)}
2026-01-20 22:39:20 - cso_atk_info - INFO - ============================================================
2026-01-20 22:39:20 - cso_atk_info - INFO - 监督器不可观测可达集:{(frozenset({(0, 0)}), 'o1'): frozenset({(0, 1), (0, 2)}), (frozenset({(0, 0)}), 'o3'): frozenset({(1, 7), (1, 4)}), (frozenset({(0, 0)}), 'o2'): frozenset({(2, 3), (2, 6)}), (frozenset({(0, 1), (0, 2)}), 'o1'): frozenset({(0, 5), (0, 0)}), (frozenset({(1, 7), (1, 4)}), 'o1'): frozenset({(1, 6), (1, 7), (1, 4)}), (frozenset({(1, 7), (1, 4)}), 'o2'): frozenset({(1, 1), (1, 2)}), (frozenset({(0, 5), (0, 0)}), 'o1'): frozenset({(0, 1), (0, 2)}), (frozenset({(0, 5), (0, 0)}), 'o3'): frozenset({(1, 7), (1, 4)}), (frozenset({(0, 5), (0, 0)}), 'o2'): frozenset({(2, 3), (2, 6)}), (frozenset({(1, 6), (1, 7), (1, 4)}), 'o1'): frozenset({(1, 6), (1, 7), (1, 4)}), (frozenset({(1, 6), (1, 7), (1, 4)}), 'o2'): frozenset({(1, 1), (1, 2)}), (frozenset({(1, 1), (1, 2)}), 'o1'): frozenset({(1, 0), (1, 5)}), (frozenset({(1, 0), (1, 5)}), 'o1'): frozenset({(1, 1), (1, 2)}), (frozenset({(1, 0), (1, 5)}), 'o2'): frozenset({(1, 6), (1, 7), (1, 3), (1, 4)}), (frozenset({(1, 6), (1, 7), (1, 3), (1, 4)}), 'o1'): frozenset({(1, 6), (1, 7), (1, 4)}), (frozenset({(1, 6), (1, 7), (1, 3), (1, 4)}), 'o2'): frozenset({(1, 1), (1, 2)})}
2026-01-20 22:39:20 - cso_atk_info - INFO - ============================================================
2026-01-20 22:39:20 - cso_atk_info - INFO - 攻击者不可观测可达集:{(frozenset({0, 1, 2, 5}), 'o2'): frozenset({3}), (frozenset({0, 1, 2, 5}), 'o3'): frozenset({4, 6, 7}), (frozenset({0, 1, 2, 5}), 'o4'): frozenset({0, 1, 2, 5}), (frozenset({3}), 'o4'): frozenset({4, 6, 7}), (frozenset({4, 6, 7}), 'o2'): frozenset({1, 2, 5}), (frozenset({4, 6, 7}), 'o3'): frozenset({8}), (frozenset({1, 2, 5}), 'o4'): frozenset({0, 1, 2, 5}), (frozenset({8}), 'o2'): frozenset({5}), (frozenset({8}), 'o3'): frozenset({4, 6, 7}), (frozenset({5}), 'o4'): frozenset({0, 1, 2, 5})}
2026-01-20 22:39:20 - cso_atk_info - INFO - ============================================================
2026-01-20 22:39:20 - cso_atk_info - INFO - ACAG系统转移关系集合:
2026-01-20 22:39:20 - cso_atk_info - INFO - ((frozenset({(0, 0)}), frozenset({0, 1, 2, 5}), 0, 0), 'o1') -> (frozenset({(0, 0)}), frozenset({0, 1, 2, 5}), 0, 0, ('o1',))
2026-01-20 22:39:20 - cso_atk_info - INFO - ((frozenset({(0, 0)}), frozenset({0, 1, 2, 5}), 0, 0, ('o1',)), 'o1') -> (frozenset({(0, 1), (0, 2)}), frozenset({0, 1, 2, 5}), 0, 1)
2026-01-20 22:39:20 - cso_atk_info - INFO - ((frozenset({(0, 0)}), frozenset({0, 1, 2, 5}), 0, 0), 'o2') -> (frozenset({(0, 0)}), frozenset({0, 1, 2, 5}), 0, 0, ('o2', 'o3', 'empty'))
2026-01-20 22:39:20 - cso_atk_info - INFO - ((frozenset({(0, 0)}), frozenset({0, 1, 2, 5}), 0, 0, ('o2', 'o3', 'empty')), 'o2') -> (frozenset({(2, 3), (2, 6)}), frozenset({3}), 2, 3)
2026-01-20 22:39:20 - cso_atk_info - INFO - ((frozenset({(0, 0)}), frozenset({0, 1, 2, 5}), 0, 0, ('o2', 'o3', 'empty')), 'o3') -> (frozenset({(1, 7), (1, 4)}), frozenset({3}), 1, 3)
2026-01-20 22:39:20 - cso_atk_info - INFO - ((frozenset({(0, 0)}), frozenset({0, 1, 2, 5}), 0, 0, ('o2', 'o3', 'empty')), 'empty') -> (frozenset({(0, 0)}), frozenset({3}), 0, 3)
2026-01-20 22:39:20 - cso_atk_info - INFO - ((frozenset({(0, 0)}), frozenset({0, 1, 2, 5}), 0, 0), 'o3') -> (frozenset({(0, 0)}), frozenset({0, 1, 2, 5}), 0, 0, ('o2', 'o3', 'empty'))
2026-01-20 22:39:20 - cso_atk_info - INFO - ((frozenset({(0, 1), (0, 2)}), frozenset({0, 1, 2, 5}), 0, 1), 'uo2') -> (frozenset({(0, 1), (0, 2)}), frozenset({0, 1, 2, 5}), 0, 1, ('uo2',))
2026-01-20 22:39:20 - cso_atk_info - INFO - ((frozenset({(0, 1), (0, 2)}), frozenset({0, 1, 2, 5}), 0, 1, ('uo2',)), 'uo2') -> (frozenset({(0, 1), (0, 2)}), frozenset({0, 1, 2, 5}), 0, 2)
2026-01-20 22:39:20 - cso_atk_info - INFO - ((frozenset({(2, 3), (2, 6)}), frozenset({3}), 2, 3), 'o4') -> (frozenset({(2, 3), (2, 6)}), frozenset({3}), 2, 3, ('o4',))
2026-01-20 22:39:20 - cso_atk_info - INFO - ((frozenset({(2, 3), (2, 6)}), frozenset({3}), 2, 3, ('o4',)), 'o4') -> (frozenset({(2, 3), (2, 6)}), frozenset({4, 6, 7}), 2, 6)
2026-01-20 22:39:20 - cso_atk_info - INFO - ((frozenset({(1, 7), (1, 4)}), frozenset({3}), 1, 3), 'o4') -> (frozenset({(1, 7), (1, 4)}), frozenset({3}), 1, 3, ('o4',))
2026-01-20 22:39:20 - cso_atk_info - INFO - ((frozenset({(1, 7), (1, 4)}), frozenset({3}), 1, 3, ('o4',)), 'o4') -> (frozenset({(1, 7), (1, 4)}), frozenset({4, 6, 7}), 1, 6)
2026-01-20 22:39:20 - cso_atk_info - INFO - ((frozenset({(0, 0)}), frozenset({3}), 0, 3), 'o4') -> (frozenset({(0, 0)}), frozenset({3}), 0, 3, ('o4',))
2026-01-20 22:39:20 - cso_atk_info - INFO - ((frozenset({(0, 0)}), frozenset({3}), 0, 3, ('o4',)), 'o4') -> (frozenset({(0, 0)}), frozenset({4, 6, 7}), 0, 6)
2026-01-20 22:39:20 - cso_atk_info - INFO - ((frozenset({(0, 1), (0, 2)}), frozenset({0, 1, 2, 5}), 0, 2), 'o1') -> (frozenset({(0, 1), (0, 2)}), frozenset({0, 1, 2, 5}), 0, 2, ('o1',))
2026-01-20 22:39:20 - cso_atk_info - INFO - ((frozenset({(0, 1), (0, 2)}), frozenset({0, 1, 2, 5}), 0, 2, ('o1',)), 'o1') -> (frozenset({(0, 5), (0, 0)}), frozenset({0, 1, 2, 5}), 0, 5)
2026-01-20 22:39:20 - cso_atk_info - INFO - ((frozenset({(2, 3), (2, 6)}), frozenset({4, 6, 7}), 2, 6), 'uo3') -> (frozenset({(2, 3), (2, 6)}), frozenset({4, 6, 7}), 2, 6, ('uo3',))
2026-01-20 22:39:20 - cso_atk_info - INFO - ((frozenset({(2, 3), (2, 6)}), frozenset({4, 6, 7}), 2, 6, ('uo3',)), 'uo3') -> (frozenset({(2, 3), (2, 6)}), frozenset({4, 6, 7}), 'z_det', 7)
2026-01-20 22:39:20 - cso_atk_info - INFO - ((frozenset({(1, 7), (1, 4)}), frozenset({4, 6, 7}), 1, 6), 'uo3') -> (frozenset({(1, 7), (1, 4)}), frozenset({4, 6, 7}), 1, 6, ('uo3',))
2026-01-20 22:39:20 - cso_atk_info - INFO - ((frozenset({(1, 7), (1, 4)}), frozenset({4, 6, 7}), 1, 6, ('uo3',)), 'uo3') -> (frozenset({(1, 7), (1, 4)}), frozenset({4, 6, 7}), 1, 7)
2026-01-20 22:39:20 - cso_atk_info - INFO - ((frozenset({(0, 0)}), frozenset({4, 6, 7}), 0, 6), 'uo3') -> (frozenset({(0, 0)}), frozenset({4, 6, 7}), 0, 6, ('uo3',))
2026-01-20 22:39:20 - cso_atk_info - INFO - ((frozenset({(0, 0)}), frozenset({4, 6, 7}), 0, 6, ('uo3',)), 'uo3') -> (frozenset({(0, 0)}), frozenset({4, 6, 7}), 0, 7)
2026-01-20 22:39:20 - cso_atk_info - INFO - ((frozenset({(0, 5), (0, 0)}), frozenset({0, 1, 2, 5}), 0, 5), 'o4') -> (frozenset({(0, 5), (0, 0)}), frozenset({0, 1, 2, 5}), 0, 5, ('o4',))
2026-01-20 22:39:20 - cso_atk_info - INFO - ((frozenset({(0, 5), (0, 0)}), frozenset({0, 1, 2, 5}), 0, 5, ('o4',)), 'o4') -> (frozenset({(0, 5), (0, 0)}), frozenset({0, 1, 2, 5}), 0, 0)
2026-01-20 22:39:20 - cso_atk_info - INFO - ((frozenset({(2, 3), (2, 6)}), frozenset({4, 6, 7}), 'z_det', 7), 'o3') -> (frozenset({(2, 3), (2, 6)}), frozenset({4, 6, 7}), 'z_det', 7, ('o2', 'o3', 'empty'))
2026-01-20 22:39:20 - cso_atk_info - INFO - ((frozenset({(2, 3), (2, 6)}), frozenset({4, 6, 7}), 'z_det', 7, ('o2', 'o3', 'empty')), 'o2') -> (frozenset({'AX'}), frozenset({8}), 'z_det', 8)
2026-01-20 22:39:20 - cso_atk_info - INFO - ((frozenset({(2, 3), (2, 6)}), frozenset({4, 6, 7}), 'z_det', 7, ('o2', 'o3', 'empty')), 'o3') -> (frozenset({'AX'}), frozenset({8}), 'z_det', 8)
2026-01-20 22:39:20 - cso_atk_info - INFO - ((frozenset({(2, 3), (2, 6)}), frozenset({4, 6, 7}), 'z_det', 7, ('o2', 'o3', 'empty')), 'empty') -> (frozenset({(2, 3), (2, 6)}), frozenset({8}), 'z_det', 8)
2026-01-20 22:39:20 - cso_atk_info - INFO - ((frozenset({(2, 3), (2, 6)}), frozenset({4, 6, 7}), 'z_det', 7), 'uo1') -> (frozenset({(2, 3), (2, 6)}), frozenset({4, 6, 7}), 'z_det', 7, ('uo1',))
2026-01-20 22:39:20 - cso_atk_info - INFO - ((frozenset({(2, 3), (2, 6)}), frozenset({4, 6, 7}), 'z_det', 7, ('uo1',)), 'uo1') -> (frozenset({(2, 3), (2, 6)}), frozenset({4, 6, 7}), 'z_det', 4)
2026-01-20 22:39:20 - cso_atk_info - INFO - ((frozenset({(1, 7), (1, 4)}), frozenset({4, 6, 7}), 1, 7), 'o3') -> (frozenset({(1, 7), (1, 4)}), frozenset({4, 6, 7}), 1, 7, ('o2', 'o3', 'empty'))
2026-01-20 22:39:20 - cso_atk_info - INFO - ((frozenset({(1, 7), (1, 4)}), frozenset({4, 6, 7}), 1, 7, ('o2', 'o3', 'empty')), 'o2') -> (frozenset({(1, 1), (1, 2)}), frozenset({8}), 1, 8)
2026-01-20 22:39:20 - cso_atk_info - INFO - ((frozenset({(1, 7), (1, 4)}), frozenset({4, 6, 7}), 1, 7, ('o2', 'o3', 'empty')), 'o3') -> (frozenset({'AX'}), frozenset({8}), 'z_det', 8)
2026-01-20 22:39:20 - cso_atk_info - INFO - ((frozenset({(1, 7), (1, 4)}), frozenset({4, 6, 7}), 1, 7, ('o2', 'o3', 'empty')), 'empty') -> (frozenset({(1, 7), (1, 4)}), frozenset({8}), 1, 8)
2026-01-20 22:39:20 - cso_atk_info - INFO - ((frozenset({(1, 7), (1, 4)}), frozenset({4, 6, 7}), 1, 7), 'uo1') -> (frozenset({(1, 7), (1, 4)}), frozenset({4, 6, 7}), 1, 7, ('uo1',))
2026-01-20 22:39:20 - cso_atk_info - INFO - ((frozenset({(1, 7), (1, 4)}), frozenset({4, 6, 7}), 1, 7, ('uo1',)), 'uo1') -> (frozenset({(1, 7), (1, 4)}), frozenset({4, 6, 7}), 1, 4)
2026-01-20 22:39:20 - cso_atk_info - INFO - ((frozenset({(0, 0)}), frozenset({4, 6, 7}), 0, 7), 'o3') -> (frozenset({(0, 0)}), frozenset({4, 6, 7}), 0, 7, ('o2', 'o3', 'empty'))
2026-01-20 22:39:20 - cso_atk_info - INFO - ((frozenset({(0, 0)}), frozenset({4, 6, 7}), 0, 7, ('o2', 'o3', 'empty')), 'o2') -> (frozenset({(2, 3), (2, 6)}), frozenset({8}), 2, 8)
2026-01-20 22:39:20 - cso_atk_info - INFO - ((frozenset({(0, 0)}), frozenset({4, 6, 7}), 0, 7, ('o2', 'o3', 'empty')), 'o3') -> (frozenset({(1, 7), (1, 4)}), frozenset({8}), 1, 8)
2026-01-20 22:39:20 - cso_atk_info - INFO - ((frozenset({(0, 0)}), frozenset({4, 6, 7}), 0, 7, ('o2', 'o3', 'empty')), 'empty') -> (frozenset({(0, 0)}), frozenset({8}), 0, 8)
2026-01-20 22:39:20 - cso_atk_info - INFO - ((frozenset({(0, 0)}), frozenset({4, 6, 7}), 0, 7), 'uo1') -> (frozenset({(0, 0)}), frozenset({4, 6, 7}), 0, 7, ('uo1',))
2026-01-20 22:39:20 - cso_atk_info - INFO - ((frozenset({(0, 0)}), frozenset({4, 6, 7}), 0, 7, ('uo1',)), 'uo1') -> (frozenset({(0, 0)}), frozenset({4, 6, 7}), 0, 4)
2026-01-20 22:39:20 - cso_atk_info - INFO - ((frozenset({(0, 5), (0, 0)}), frozenset({0, 1, 2, 5}), 0, 0), 'o1') -> (frozenset({(0, 5), (0, 0)}), frozenset({0, 1, 2, 5}), 0, 0, ('o1',))
2026-01-20 22:39:20 - cso_atk_info - INFO - ((frozenset({(0, 5), (0, 0)}), frozenset({0, 1, 2, 5}), 0, 0, ('o1',)), 'o1') -> (frozenset({(0, 1), (0, 2)}), frozenset({0, 1, 2, 5}), 0, 1)
2026-01-20 22:39:20 - cso_atk_info - INFO - ((frozenset({(0, 5), (0, 0)}), frozenset({0, 1, 2, 5}), 0, 0), 'o2') -> (frozenset({(0, 5), (0, 0)}), frozenset({0, 1, 2, 5}), 0, 0, ('o2', 'o3', 'empty'))
2026-01-20 22:39:20 - cso_atk_info - INFO - ((frozenset({(0, 5), (0, 0)}), frozenset({0, 1, 2, 5}), 0, 0, ('o2', 'o3', 'empty')), 'o2') -> (frozenset({(2, 3), (2, 6)}), frozenset({3}), 2, 3)
2026-01-20 22:39:20 - cso_atk_info - INFO - ((frozenset({(0, 5), (0, 0)}), frozenset({0, 1, 2, 5}), 0, 0, ('o2', 'o3', 'empty')), 'o3') -> (frozenset({(1, 7), (1, 4)}), frozenset({3}), 1, 3)
2026-01-20 22:39:20 - cso_atk_info - INFO - ((frozenset({(0, 5), (0, 0)}), frozenset({0, 1, 2, 5}), 0, 0, ('o2', 'o3', 'empty')), 'empty') -> (frozenset({(0, 5), (0, 0)}), frozenset({3}), 0, 3)
2026-01-20 22:39:20 - cso_atk_info - INFO - ((frozenset({(0, 5), (0, 0)}), frozenset({0, 1, 2, 5}), 0, 0), 'o3') -> (frozenset({(0, 5), (0, 0)}), frozenset({0, 1, 2, 5}), 0, 0, ('o2', 'o3', 'empty'))
2026-01-20 22:39:20 - cso_atk_info - INFO - ((frozenset({(2, 3), (2, 6)}), frozenset({8}), 'z_det', 8), 'o2') -> (frozenset({(2, 3), (2, 6)}), frozenset({8}), 'z_det', 8, ('o2', 'o3', 'empty'))
2026-01-20 22:39:20 - cso_atk_info - INFO - ((frozenset({(2, 3), (2, 6)}), frozenset({8}), 'z_det', 8, ('o2', 'o3', 'empty')), 'o2') -> (frozenset({'AX'}), frozenset({5}), 'z_det', 5)
2026-01-20 22:39:20 - cso_atk_info - INFO - ((frozenset({(2, 3), (2, 6)}), frozenset({8}), 'z_det', 8, ('o2', 'o3', 'empty')), 'o3') -> (frozenset({'AX'}), frozenset({5}), 'z_det', 5)
2026-01-20 22:39:20 - cso_atk_info - INFO - ((frozenset({(2, 3), (2, 6)}), frozenset({8}), 'z_det', 8, ('o2', 'o3', 'empty')), 'empty') -> (frozenset({(2, 3), (2, 6)}), frozenset({5}), 'z_det', 5)
2026-01-20 22:39:20 - cso_atk_info - INFO - ((frozenset({(2, 3), (2, 6)}), frozenset({8}), 'z_det', 8), 'o3') -> (frozenset({(2, 3), (2, 6)}), frozenset({8}), 'z_det', 8, ('o2', 'o3', 'empty'))
2026-01-20 22:39:20 - cso_atk_info - INFO - ((frozenset({(2, 3), (2, 6)}), frozenset({4, 6, 7}), 'z_det', 4), 'o2') -> (frozenset({(2, 3), (2, 6)}), frozenset({4, 6, 7}), 'z_det', 4, ('o2', 'o3', 'empty'))
2026-01-20 22:39:20 - cso_atk_info - INFO - ((frozenset({(2, 3), (2, 6)}), frozenset({4, 6, 7}), 'z_det', 4, ('o2', 'o3', 'empty')), 'o2') -> (frozenset({'AX'}), frozenset({1, 2, 5}), 'z_det', 1)
2026-01-20 22:39:20 - cso_atk_info - INFO - ((frozenset({(2, 3), (2, 6)}), frozenset({4, 6, 7}), 'z_det', 4, ('o2', 'o3', 'empty')), 'o3') -> (frozenset({'AX'}), frozenset({1, 2, 5}), 'z_det', 1)
2026-01-20 22:39:20 - cso_atk_info - INFO - ((frozenset({(2, 3), (2, 6)}), frozenset({4, 6, 7}), 'z_det', 4, ('o2', 'o3', 'empty')), 'empty') -> (frozenset({(2, 3), (2, 6)}), frozenset({1, 2, 5}), 'z_det', 1)
2026-01-20 22:39:20 - cso_atk_info - INFO - ((frozenset({(2, 3), (2, 6)}), frozenset({4, 6, 7}), 'z_det', 4), 'o1') -> (frozenset({(2, 3), (2, 6)}), frozenset({4, 6, 7}), 'z_det', 4, ('o1',))
2026-01-20 22:39:20 - cso_atk_info - INFO - ((frozenset({(2, 3), (2, 6)}), frozenset({4, 6, 7}), 'z_det', 4, ('o1',)), 'o1') -> (frozenset({'AX'}), frozenset({4, 6, 7}), 'z_det', 6)
2026-01-20 22:39:20 - cso_atk_info - INFO - ((frozenset({(1, 1), (1, 2)}), frozenset({8}), 1, 8), 'o2') -> (frozenset({(1, 1), (1, 2)}), frozenset({8}), 1, 8, ('o2', 'o3', 'empty'))
2026-01-20 22:39:20 - cso_atk_info - INFO - ((frozenset({(1, 1), (1, 2)}), frozenset({8}), 1, 8, ('o2', 'o3', 'empty')), 'o2') -> (frozenset({'AX'}), frozenset({5}), 1, 5)
2026-01-20 22:39:20 - cso_atk_info - INFO - ((frozenset({(1, 1), (1, 2)}), frozenset({8}), 1, 8, ('o2', 'o3', 'empty')), 'o3') -> (frozenset({'AX'}), frozenset({5}), 'z_det', 5)
2026-01-20 22:39:20 - cso_atk_info - INFO - ((frozenset({(1, 1), (1, 2)}), frozenset({8}), 1, 8, ('o2', 'o3', 'empty')), 'empty') -> (frozenset({(1, 1), (1, 2)}), frozenset({5}), 1, 5)
2026-01-20 22:39:20 - cso_atk_info - INFO - ((frozenset({(1, 1), (1, 2)}), frozenset({8}), 1, 8), 'o3') -> (frozenset({(1, 1), (1, 2)}), frozenset({8}), 1, 8, ('o2', 'o3', 'empty'))
2026-01-20 22:39:20 - cso_atk_info - INFO - ((frozenset({(1, 7), (1, 4)}), frozenset({8}), 1, 8), 'o2') -> (frozenset({(1, 7), (1, 4)}), frozenset({8}), 1, 8, ('o2', 'o3', 'empty'))
2026-01-20 22:39:20 - cso_atk_info - INFO - ((frozenset({(1, 7), (1, 4)}), frozenset({8}), 1, 8, ('o2', 'o3', 'empty')), 'o2') -> (frozenset({(1, 1), (1, 2)}), frozenset({5}), 1, 5)
2026-01-20 22:39:20 - cso_atk_info - INFO - ((frozenset({(1, 7), (1, 4)}), frozenset({8}), 1, 8, ('o2', 'o3', 'empty')), 'o3') -> (frozenset({'AX'}), frozenset({5}), 'z_det', 5)
2026-01-20 22:39:20 - cso_atk_info - INFO - ((frozenset({(1, 7), (1, 4)}), frozenset({8}), 1, 8, ('o2', 'o3', 'empty')), 'empty') -> (frozenset({(1, 7), (1, 4)}), frozenset({5}), 1, 5)
2026-01-20 22:39:20 - cso_atk_info - INFO - ((frozenset({(1, 7), (1, 4)}), frozenset({8}), 1, 8), 'o3') -> (frozenset({(1, 7), (1, 4)}), frozenset({8}), 1, 8, ('o2', 'o3', 'empty'))
2026-01-20 22:39:20 - cso_atk_info - INFO - ((frozenset({(1, 7), (1, 4)}), frozenset({4, 6, 7}), 1, 4), 'o2') -> (frozenset({(1, 7), (1, 4)}), frozenset({4, 6, 7}), 1, 4, ('o2', 'o3', 'empty'))
2026-01-20 22:39:20 - cso_atk_info - INFO - ((frozenset({(1, 7), (1, 4)}), frozenset({4, 6, 7}), 1, 4, ('o2', 'o3', 'empty')), 'o2') -> (frozenset({(1, 1), (1, 2)}), frozenset({1, 2, 5}), 1, 1)
2026-01-20 22:39:20 - cso_atk_info - INFO - ((frozenset({(1, 7), (1, 4)}), frozenset({4, 6, 7}), 1, 4, ('o2', 'o3', 'empty')), 'o3') -> (frozenset({'AX'}), frozenset({1, 2, 5}), 'z_det', 1)
2026-01-20 22:39:20 - cso_atk_info - INFO - ((frozenset({(1, 7), (1, 4)}), frozenset({4, 6, 7}), 1, 4, ('o2', 'o3', 'empty')), 'empty') -> (frozenset({(1, 7), (1, 4)}), frozenset({1, 2, 5}), 1, 1)
2026-01-20 22:39:20 - cso_atk_info - INFO - ((frozenset({(1, 7), (1, 4)}), frozenset({4, 6, 7}), 1, 4), 'o1') -> (frozenset({(1, 7), (1, 4)}), frozenset({4, 6, 7}), 1, 4, ('o1',))
2026-01-20 22:39:20 - cso_atk_info - INFO - ((frozenset({(1, 7), (1, 4)}), frozenset({4, 6, 7}), 1, 4, ('o1',)), 'o1') -> (frozenset({(1, 6), (1, 7), (1, 4)}), frozenset({4, 6, 7}), 1, 6)
2026-01-20 22:39:20 - cso_atk_info - INFO - ((frozenset({(2, 3), (2, 6)}), frozenset({8}), 2, 8), 'o2') -> (frozenset({(2, 3), (2, 6)}), frozenset({8}), 2, 8, ('o2', 'o3', 'empty'))
2026-01-20 22:39:20 - cso_atk_info - INFO - ((frozenset({(2, 3), (2, 6)}), frozenset({8}), 2, 8, ('o2', 'o3', 'empty')), 'o2') -> (frozenset({'AX'}), frozenset({5}), 2, 5)
2026-01-20 22:39:20 - cso_atk_info - INFO - ((frozenset({(2, 3), (2, 6)}), frozenset({8}), 2, 8, ('o2', 'o3', 'empty')), 'o3') -> (frozenset({'AX'}), frozenset({5}), 2, 5)
2026-01-20 22:39:20 - cso_atk_info - INFO - ((frozenset({(2, 3), (2, 6)}), frozenset({8}), 2, 8, ('o2', 'o3', 'empty')), 'empty') -> (frozenset({(2, 3), (2, 6)}), frozenset({5}), 2, 5)
2026-01-20 22:39:20 - cso_atk_info - INFO - ((frozenset({(2, 3), (2, 6)}), frozenset({8}), 2, 8), 'o3') -> (frozenset({(2, 3), (2, 6)}), frozenset({8}), 2, 8, ('o2', 'o3', 'empty'))
2026-01-20 22:39:20 - cso_atk_info - INFO - ((frozenset({(0, 0)}), frozenset({8}), 0, 8), 'o2') -> (frozenset({(0, 0)}), frozenset({8}), 0, 8, ('o2', 'o3', 'empty'))
2026-01-20 22:39:20 - cso_atk_info - INFO - ((frozenset({(0, 0)}), frozenset({8}), 0, 8, ('o2', 'o3', 'empty')), 'o2') -> (frozenset({(2, 3), (2, 6)}), frozenset({5}), 2, 5)
2026-01-20 22:39:20 - cso_atk_info - INFO - ((frozenset({(0, 0)}), frozenset({8}), 0, 8, ('o2', 'o3', 'empty')), 'o3') -> (frozenset({(1, 7), (1, 4)}), frozenset({5}), 1, 5)
2026-01-20 22:39:20 - cso_atk_info - INFO - ((frozenset({(0, 0)}), frozenset({8}), 0, 8, ('o2', 'o3', 'empty')), 'empty') -> (frozenset({(0, 0)}), frozenset({5}), 0, 5)
2026-01-20 22:39:20 - cso_atk_info - INFO - ((frozenset({(0, 0)}), frozenset({8}), 0, 8), 'o3') -> (frozenset({(0, 0)}), frozenset({8}), 0, 8, ('o2', 'o3', 'empty'))
2026-01-20 22:39:20 - cso_atk_info - INFO - ((frozenset({(0, 0)}), frozenset({4, 6, 7}), 0, 4), 'o2') -> (frozenset({(0, 0)}), frozenset({4, 6, 7}), 0, 4, ('o2', 'o3', 'empty'))
2026-01-20 22:39:20 - cso_atk_info - INFO - ((frozenset({(0, 0)}), frozenset({4, 6, 7}), 0, 4, ('o2', 'o3', 'empty')), 'o2') -> (frozenset({(2, 3), (2, 6)}), frozenset({1, 2, 5}), 2, 1)
2026-01-20 22:39:20 - cso_atk_info - INFO - ((frozenset({(0, 0)}), frozenset({4, 6, 7}), 0, 4, ('o2', 'o3', 'empty')), 'o3') -> (frozenset({(1, 7), (1, 4)}), frozenset({1, 2, 5}), 1, 1)
2026-01-20 22:39:20 - cso_atk_info - INFO - ((frozenset({(0, 0)}), frozenset({4, 6, 7}), 0, 4, ('o2', 'o3', 'empty')), 'empty') -> (frozenset({(0, 0)}), frozenset({1, 2, 5}), 0, 1)
2026-01-20 22:39:20 - cso_atk_info - INFO - ((frozenset({(0, 0)}), frozenset({4, 6, 7}), 0, 4), 'o1') -> (frozenset({(0, 0)}), frozenset({4, 6, 7}), 0, 4, ('o1',))
2026-01-20 22:39:20 - cso_atk_info - INFO - ((frozenset({(0, 0)}), frozenset({4, 6, 7}), 0, 4, ('o1',)), 'o1') -> (frozenset({(0, 1), (0, 2)}), frozenset({4, 6, 7}), 0, 6)
2026-01-20 22:39:20 - cso_atk_info - INFO - ((frozenset({(0, 5), (0, 0)}), frozenset({3}), 0, 3), 'o4') -> (frozenset({(0, 5), (0, 0)}), frozenset({3}), 0, 3, ('o4',))
2026-01-20 22:39:20 - cso_atk_info - INFO - ((frozenset({(0, 5), (0, 0)}), frozenset({3}), 0, 3, ('o4',)), 'o4') -> (frozenset({(0, 5), (0, 0)}), frozenset({4, 6, 7}), 0, 6)
2026-01-20 22:39:20 - cso_atk_info - INFO - ((frozenset({(2, 3), (2, 6)}), frozenset({1, 2, 5}), 'z_det', 1), 'uo2') -> (frozenset({(2, 3), (2, 6)}), frozenset({1, 2, 5}), 'z_det', 1, ('uo2',))
2026-01-20 22:39:20 - cso_atk_info - INFO - ((frozenset({(2, 3), (2, 6)}), frozenset({1, 2, 5}), 'z_det', 1, ('uo2',)), 'uo2') -> (frozenset({(2, 3), (2, 6)}), frozenset({1, 2, 5}), 'z_det', 2)
2026-01-20 22:39:20 - cso_atk_info - INFO - ((frozenset({(1, 1), (1, 2)}), frozenset({1, 2, 5}), 1, 1), 'uo2') -> (frozenset({(1, 1), (1, 2)}), frozenset({1, 2, 5}), 1, 1, ('uo2',))
2026-01-20 22:39:20 - cso_atk_info - INFO - ((frozenset({(1, 1), (1, 2)}), frozenset({1, 2, 5}), 1, 1, ('uo2',)), 'uo2') -> (frozenset({(1, 1), (1, 2)}), frozenset({1, 2, 5}), 1, 2)
2026-01-20 22:39:20 - cso_atk_info - INFO - ((frozenset({(1, 7), (1, 4)}), frozenset({1, 2, 5}), 1, 1), 'uo2') -> (frozenset({(1, 7), (1, 4)}), frozenset({1, 2, 5}), 1, 1, ('uo2',))
2026-01-20 22:39:20 - cso_atk_info - INFO - ((frozenset({(1, 7), (1, 4)}), frozenset({1, 2, 5}), 1, 1, ('uo2',)), 'uo2') -> (frozenset({(1, 7), (1, 4)}), frozenset({1, 2, 5}), 1, 2)
2026-01-20 22:39:20 - cso_atk_info - INFO - ((frozenset({(1, 6), (1, 7), (1, 4)}), frozenset({4, 6, 7}), 1, 6), 'uo3') -> (frozenset({(1, 6), (1, 7), (1, 4)}), frozenset({4, 6, 7}), 1, 6, ('uo3',))
2026-01-20 22:39:20 - cso_atk_info - INFO - ((frozenset({(1, 6), (1, 7), (1, 4)}), frozenset({4, 6, 7}), 1, 6, ('uo3',)), 'uo3') -> (frozenset({(1, 6), (1, 7), (1, 4)}), frozenset({4, 6, 7}), 1, 7)
2026-01-20 22:39:20 - cso_atk_info - INFO - ((frozenset({(2, 3), (2, 6)}), frozenset({1, 2, 5}), 2, 1), 'uo2') -> (frozenset({(2, 3), (2, 6)}), frozenset({1, 2, 5}), 2, 1, ('uo2',))
2026-01-20 22:39:20 - cso_atk_info - INFO - ((frozenset({(2, 3), (2, 6)}), frozenset({1, 2, 5}), 2, 1, ('uo2',)), 'uo2') -> (frozenset({(2, 3), (2, 6)}), frozenset({1, 2, 5}), 2, 2)
2026-01-20 22:39:20 - cso_atk_info - INFO - ((frozenset({(0, 0)}), frozenset({1, 2, 5}), 0, 1), 'uo2') -> (frozenset({(0, 0)}), frozenset({1, 2, 5}), 0, 1, ('uo2',))
2026-01-20 22:39:20 - cso_atk_info - INFO - ((frozenset({(0, 0)}), frozenset({1, 2, 5}), 0, 1, ('uo2',)), 'uo2') -> (frozenset({(0, 0)}), frozenset({1, 2, 5}), 0, 2)
2026-01-20 22:39:20 - cso_atk_info - INFO - ((frozenset({(0, 1), (0, 2)}), frozenset({4, 6, 7}), 0, 6), 'uo3') -> (frozenset({(0, 1), (0, 2)}), frozenset({4, 6, 7}), 0, 6, ('uo3',))
2026-01-20 22:39:20 - cso_atk_info - INFO - ((frozenset({(0, 1), (0, 2)}), frozenset({4, 6, 7}), 0, 6, ('uo3',)), 'uo3') -> (frozenset({(0, 1), (0, 2)}), frozenset({4, 6, 7}), 0, 7)
2026-01-20 22:39:20 - cso_atk_info - INFO - ((frozenset({(0, 5), (0, 0)}), frozenset({4, 6, 7}), 0, 6), 'uo3') -> (frozenset({(0, 5), (0, 0)}), frozenset({4, 6, 7}), 0, 6, ('uo3',))
2026-01-20 22:39:20 - cso_atk_info - INFO - ((frozenset({(0, 5), (0, 0)}), frozenset({4, 6, 7}), 0, 6, ('uo3',)), 'uo3') -> (frozenset({(0, 5), (0, 0)}), frozenset({4, 6, 7}), 0, 7)
2026-01-20 22:39:20 - cso_atk_info - INFO - ((frozenset({(2, 3), (2, 6)}), frozenset({1, 2, 5}), 'z_det', 2), 'o1') -> (frozenset({(2, 3), (2, 6)}), frozenset({1, 2, 5}), 'z_det', 2, ('o1',))
2026-01-20 22:39:20 - cso_atk_info - INFO - ((frozenset({(2, 3), (2, 6)}), frozenset({1, 2, 5}), 'z_det', 2, ('o1',)), 'o1') -> (frozenset({'AX'}), frozenset({1, 2, 5}), 'z_det', 5)
2026-01-20 22:39:20 - cso_atk_info - INFO - ((frozenset({(1, 1), (1, 2)}), frozenset({1, 2, 5}), 1, 2), 'o1') -> (frozenset({(1, 1), (1, 2)}), frozenset({1, 2, 5}), 1, 2, ('o1',))
2026-01-20 22:39:20 - cso_atk_info - INFO - ((frozenset({(1, 1), (1, 2)}), frozenset({1, 2, 5}), 1, 2, ('o1',)), 'o1') -> (frozenset({(1, 0), (1, 5)}), frozenset({1, 2, 5}), 1, 5)
2026-01-20 22:39:20 - cso_atk_info - INFO - ((frozenset({(1, 7), (1, 4)}), frozenset({1, 2, 5}), 1, 2), 'o1') -> (frozenset({(1, 7), (1, 4)}), frozenset({1, 2, 5}), 1, 2, ('o1',))
2026-01-20 22:39:20 - cso_atk_info - INFO - ((frozenset({(1, 7), (1, 4)}), frozenset({1, 2, 5}), 1, 2, ('o1',)), 'o1') -> (frozenset({(1, 6), (1, 7), (1, 4)}), frozenset({1, 2, 5}), 1, 5)
2026-01-20 22:39:20 - cso_atk_info - INFO - ((frozenset({(1, 6), (1, 7), (1, 4)}), frozenset({4, 6, 7}), 1, 7), 'o3') -> (frozenset({(1, 6), (1, 7), (1, 4)}), frozenset({4, 6, 7}), 1, 7, ('o2', 'o3', 'empty'))
2026-01-20 22:39:20 - cso_atk_info - INFO - ((frozenset({(1, 6), (1, 7), (1, 4)}), frozenset({4, 6, 7}), 1, 7, ('o2', 'o3', 'empty')), 'o2') -> (frozenset({(1, 1), (1, 2)}), frozenset({8}), 1, 8)
2026-01-20 22:39:20 - cso_atk_info - INFO - ((frozenset({(1, 6), (1, 7), (1, 4)}), frozenset({4, 6, 7}), 1, 7, ('o2', 'o3', 'empty')), 'o3') -> (frozenset({'AX'}), frozenset({8}), 'z_det', 8)
2026-01-20 22:39:20 - cso_atk_info - INFO - ((frozenset({(1, 6), (1, 7), (1, 4)}), frozenset({4, 6, 7}), 1, 7, ('o2', 'o3', 'empty')), 'empty') -> (frozenset({(1, 6), (1, 7), (1, 4)}), frozenset({8}), 1, 8)
2026-01-20 22:39:20 - cso_atk_info - INFO - ((frozenset({(1, 6), (1, 7), (1, 4)}), frozenset({4, 6, 7}), 1, 7), 'uo1') -> (frozenset({(1, 6), (1, 7), (1, 4)}), frozenset({4, 6, 7}), 1, 7, ('uo1',))
2026-01-20 22:39:20 - cso_atk_info - INFO - ((frozenset({(1, 6), (1, 7), (1, 4)}), frozenset({4, 6, 7}), 1, 7, ('uo1',)), 'uo1') -> (frozenset({(1, 6), (1, 7), (1, 4)}), frozenset({4, 6, 7}), 1, 4)
2026-01-20 22:39:20 - cso_atk_info - INFO - ((frozenset({(2, 3), (2, 6)}), frozenset({1, 2, 5}), 2, 2), 'o1') -> (frozenset({(2, 3), (2, 6)}), frozenset({1, 2, 5}), 2, 2, ('o1',))
2026-01-20 22:39:20 - cso_atk_info - INFO - ((frozenset({(2, 3), (2, 6)}), frozenset({1, 2, 5}), 2, 2, ('o1',)), 'o1') -> (frozenset({'AX'}), frozenset({1, 2, 5}), 2, 5)
2026-01-20 22:39:20 - cso_atk_info - INFO - ((frozenset({(0, 0)}), frozenset({1, 2, 5}), 0, 2), 'o1') -> (frozenset({(0, 0)}), frozenset({1, 2, 5}), 0, 2, ('o1',))
2026-01-20 22:39:20 - cso_atk_info - INFO - ((frozenset({(0, 0)}), frozenset({1, 2, 5}), 0, 2, ('o1',)), 'o1') -> (frozenset({(0, 1), (0, 2)}), frozenset({1, 2, 5}), 0, 5)
2026-01-20 22:39:20 - cso_atk_info - INFO - ((frozenset({(0, 1), (0, 2)}), frozenset({4, 6, 7}), 0, 7), 'o3') -> (frozenset({(0, 1), (0, 2)}), frozenset({4, 6, 7}), 0, 7, ('o2', 'o3', 'empty'))
2026-01-20 22:39:20 - cso_atk_info - INFO - ((frozenset({(0, 1), (0, 2)}), frozenset({4, 6, 7}), 0, 7, ('o2', 'o3', 'empty')), 'o2') -> (frozenset({'AX'}), frozenset({8}), 2, 8)
2026-01-20 22:39:20 - cso_atk_info - INFO - ((frozenset({(0, 1), (0, 2)}), frozenset({4, 6, 7}), 0, 7, ('o2', 'o3', 'empty')), 'o3') -> (frozenset({'AX'}), frozenset({8}), 1, 8)
2026-01-20 22:39:20 - cso_atk_info - INFO - ((frozenset({(0, 1), (0, 2)}), frozenset({4, 6, 7}), 0, 7, ('o2', 'o3', 'empty')), 'empty') -> (frozenset({(0, 1), (0, 2)}), frozenset({8}), 0, 8)
2026-01-20 22:39:20 - cso_atk_info - INFO - ((frozenset({(0, 1), (0, 2)}), frozenset({4, 6, 7}), 0, 7), 'uo1') -> (frozenset({(0, 1), (0, 2)}), frozenset({4, 6, 7}), 0, 7, ('uo1',))
2026-01-20 22:39:20 - cso_atk_info - INFO - ((frozenset({(0, 1), (0, 2)}), frozenset({4, 6, 7}), 0, 7, ('uo1',)), 'uo1') -> (frozenset({(0, 1), (0, 2)}), frozenset({4, 6, 7}), 0, 4)
2026-01-20 22:39:20 - cso_atk_info - INFO - ((frozenset({(0, 5), (0, 0)}), frozenset({4, 6, 7}), 0, 7), 'o3') -> (frozenset({(0, 5), (0, 0)}), frozenset({4, 6, 7}), 0, 7, ('o2', 'o3', 'empty'))
2026-01-20 22:39:20 - cso_atk_info - INFO - ((frozenset({(0, 5), (0, 0)}), frozenset({4, 6, 7}), 0, 7, ('o2', 'o3', 'empty')), 'o2') -> (frozenset({(2, 3), (2, 6)}), frozenset({8}), 2, 8)
2026-01-20 22:39:20 - cso_atk_info - INFO - ((frozenset({(0, 5), (0, 0)}), frozenset({4, 6, 7}), 0, 7, ('o2', 'o3', 'empty')), 'o3') -> (frozenset({(1, 7), (1, 4)}), frozenset({8}), 1, 8)
2026-01-20 22:39:20 - cso_atk_info - INFO - ((frozenset({(0, 5), (0, 0)}), frozenset({4, 6, 7}), 0, 7, ('o2', 'o3', 'empty')), 'empty') -> (frozenset({(0, 5), (0, 0)}), frozenset({8}), 0, 8)
2026-01-20 22:39:20 - cso_atk_info - INFO - ((frozenset({(0, 5), (0, 0)}), frozenset({4, 6, 7}), 0, 7), 'uo1') -> (frozenset({(0, 5), (0, 0)}), frozenset({4, 6, 7}), 0, 7, ('uo1',))
2026-01-20 22:39:20 - cso_atk_info - INFO - ((frozenset({(0, 5), (0, 0)}), frozenset({4, 6, 7}), 0, 7, ('uo1',)), 'uo1') -> (frozenset({(0, 5), (0, 0)}), frozenset({4, 6, 7}), 0, 4)
2026-01-20 22:39:20 - cso_atk_info - INFO - ((frozenset({(1, 0), (1, 5)}), frozenset({1, 2, 5}), 1, 5), 'o4') -> (frozenset({(1, 0), (1, 5)}), frozenset({1, 2, 5}), 1, 5, ('o4',))
2026-01-20 22:39:20 - cso_atk_info - INFO - ((frozenset({(1, 0), (1, 5)}), frozenset({1, 2, 5}), 1, 5, ('o4',)), 'o4') -> (frozenset({(1, 0), (1, 5)}), frozenset({0, 1, 2, 5}), 1, 0)
2026-01-20 22:39:20 - cso_atk_info - INFO - ((frozenset({(1, 6), (1, 7), (1, 4)}), frozenset({1, 2, 5}), 1, 5), 'o4') -> (frozenset({(1, 6), (1, 7), (1, 4)}), frozenset({1, 2, 5}), 1, 5, ('o4',))
2026-01-20 22:39:20 - cso_atk_info - INFO - ((frozenset({(1, 6), (1, 7), (1, 4)}), frozenset({1, 2, 5}), 1, 5, ('o4',)), 'o4') -> (frozenset({(1, 6), (1, 7), (1, 4)}), frozenset({0, 1, 2, 5}), 1, 0)
2026-01-20 22:39:20 - cso_atk_info - INFO - ((frozenset({(1, 6), (1, 7), (1, 4)}), frozenset({8}), 1, 8), 'o2') -> (frozenset({(1, 6), (1, 7), (1, 4)}), frozenset({8}), 1, 8, ('o2', 'o3', 'empty'))
2026-01-20 22:39:20 - cso_atk_info - INFO - ((frozenset({(1, 6), (1, 7), (1, 4)}), frozenset({8}), 1, 8, ('o2', 'o3', 'empty')), 'o2') -> (frozenset({(1, 1), (1, 2)}), frozenset({5}), 1, 5)
2026-01-20 22:39:20 - cso_atk_info - INFO - ((frozenset({(1, 6), (1, 7), (1, 4)}), frozenset({8}), 1, 8, ('o2', 'o3', 'empty')), 'o3') -> (frozenset({'AX'}), frozenset({5}), 'z_det', 5)
2026-01-20 22:39:20 - cso_atk_info - INFO - ((frozenset({(1, 6), (1, 7), (1, 4)}), frozenset({8}), 1, 8, ('o2', 'o3', 'empty')), 'empty') -> (frozenset({(1, 6), (1, 7), (1, 4)}), frozenset({5}), 1, 5)
2026-01-20 22:39:20 - cso_atk_info - INFO - ((frozenset({(1, 6), (1, 7), (1, 4)}), frozenset({8}), 1, 8), 'o3') -> (frozenset({(1, 6), (1, 7), (1, 4)}), frozenset({8}), 1, 8, ('o2', 'o3', 'empty'))
2026-01-20 22:39:20 - cso_atk_info - INFO - ((frozenset({(1, 6), (1, 7), (1, 4)}), frozenset({4, 6, 7}), 1, 4), 'o2') -> (frozenset({(1, 6), (1, 7), (1, 4)}), frozenset({4, 6, 7}), 1, 4, ('o2', 'o3', 'empty'))
2026-01-20 22:39:20 - cso_atk_info - INFO - ((frozenset({(1, 6), (1, 7), (1, 4)}), frozenset({4, 6, 7}), 1, 4, ('o2', 'o3', 'empty')), 'o2') -> (frozenset({(1, 1), (1, 2)}), frozenset({1, 2, 5}), 1, 1)
2026-01-20 22:39:20 - cso_atk_info - INFO - ((frozenset({(1, 6), (1, 7), (1, 4)}), frozenset({4, 6, 7}), 1, 4, ('o2', 'o3', 'empty')), 'o3') -> (frozenset({'AX'}), frozenset({1, 2, 5}), 'z_det', 1)
2026-01-20 22:39:20 - cso_atk_info - INFO - ((frozenset({(1, 6), (1, 7), (1, 4)}), frozenset({4, 6, 7}), 1, 4, ('o2', 'o3', 'empty')), 'empty') -> (frozenset({(1, 6), (1, 7), (1, 4)}), frozenset({1, 2, 5}), 1, 1)
2026-01-20 22:39:20 - cso_atk_info - INFO - ((frozenset({(1, 6), (1, 7), (1, 4)}), frozenset({4, 6, 7}), 1, 4), 'o1') -> (frozenset({(1, 6), (1, 7), (1, 4)}), frozenset({4, 6, 7}), 1, 4, ('o1',))
2026-01-20 22:39:20 - cso_atk_info - INFO - ((frozenset({(1, 6), (1, 7), (1, 4)}), frozenset({4, 6, 7}), 1, 4, ('o1',)), 'o1') -> (frozenset({(1, 6), (1, 7), (1, 4)}), frozenset({4, 6, 7}), 1, 6)
2026-01-20 22:39:20 - cso_atk_info - INFO - ((frozenset({(0, 1), (0, 2)}), frozenset({1, 2, 5}), 0, 5), 'o4') -> (frozenset({(0, 1), (0, 2)}), frozenset({1, 2, 5}), 0, 5, ('o4',))
2026-01-20 22:39:20 - cso_atk_info - INFO - ((frozenset({(0, 1), (0, 2)}), frozenset({1, 2, 5}), 0, 5, ('o4',)), 'o4') -> (frozenset({(0, 1), (0, 2)}), frozenset({0, 1, 2, 5}), 0, 0)
2026-01-20 22:39:20 - cso_atk_info - INFO - ((frozenset({(0, 1), (0, 2)}), frozenset({8}), 0, 8), 'o2') -> (frozenset({(0, 1), (0, 2)}), frozenset({8}), 0, 8, ('o2', 'o3', 'empty'))
2026-01-20 22:39:20 - cso_atk_info - INFO - ((frozenset({(0, 1), (0, 2)}), frozenset({8}), 0, 8, ('o2', 'o3', 'empty')), 'o2') -> (frozenset({'AX'}), frozenset({5}), 2, 5)
2026-01-20 22:39:20 - cso_atk_info - INFO - ((frozenset({(0, 1), (0, 2)}), frozenset({8}), 0, 8, ('o2', 'o3', 'empty')), 'o3') -> (frozenset({'AX'}), frozenset({5}), 1, 5)
2026-01-20 22:39:20 - cso_atk_info - INFO - ((frozenset({(0, 1), (0, 2)}), frozenset({8}), 0, 8, ('o2', 'o3', 'empty')), 'empty') -> (frozenset({(0, 1), (0, 2)}), frozenset({5}), 0, 5)
2026-01-20 22:39:20 - cso_atk_info - INFO - ((frozenset({(0, 1), (0, 2)}), frozenset({8}), 0, 8), 'o3') -> (frozenset({(0, 1), (0, 2)}), frozenset({8}), 0, 8, ('o2', 'o3', 'empty'))
2026-01-20 22:39:20 - cso_atk_info - INFO - ((frozenset({(0, 1), (0, 2)}), frozenset({4, 6, 7}), 0, 4), 'o2') -> (frozenset({(0, 1), (0, 2)}), frozenset({4, 6, 7}), 0, 4, ('o2', 'o3', 'empty'))
2026-01-20 22:39:20 - cso_atk_info - INFO - ((frozenset({(0, 1), (0, 2)}), frozenset({4, 6, 7}), 0, 4, ('o2', 'o3', 'empty')), 'o2') -> (frozenset({'AX'}), frozenset({1, 2, 5}), 2, 1)
2026-01-20 22:39:20 - cso_atk_info - INFO - ((frozenset({(0, 1), (0, 2)}), frozenset({4, 6, 7}), 0, 4, ('o2', 'o3', 'empty')), 'o3') -> (frozenset({'AX'}), frozenset({1, 2, 5}), 1, 1)
2026-01-20 22:39:20 - cso_atk_info - INFO - ((frozenset({(0, 1), (0, 2)}), frozenset({4, 6, 7}), 0, 4, ('o2', 'o3', 'empty')), 'empty') -> (frozenset({(0, 1), (0, 2)}), frozenset({1, 2, 5}), 0, 1)
2026-01-20 22:39:20 - cso_atk_info - INFO - ((frozenset({(0, 1), (0, 2)}), frozenset({4, 6, 7}), 0, 4), 'o1') -> (frozenset({(0, 1), (0, 2)}), frozenset({4, 6, 7}), 0, 4, ('o1',))
2026-01-20 22:39:20 - cso_atk_info - INFO - ((frozenset({(0, 1), (0, 2)}), frozenset({4, 6, 7}), 0, 4, ('o1',)), 'o1') -> (frozenset({(0, 5), (0, 0)}), frozenset({4, 6, 7}), 0, 6)
2026-01-20 22:39:20 - cso_atk_info - INFO - ((frozenset({(0, 5), (0, 0)}), frozenset({8}), 0, 8), 'o2') -> (frozenset({(0, 5), (0, 0)}), frozenset({8}), 0, 8, ('o2', 'o3', 'empty'))
2026-01-20 22:39:20 - cso_atk_info - INFO - ((frozenset({(0, 5), (0, 0)}), frozenset({8}), 0, 8, ('o2', 'o3', 'empty')), 'o2') -> (frozenset({(2, 3), (2, 6)}), frozenset({5}), 2, 5)
2026-01-20 22:39:20 - cso_atk_info - INFO - ((frozenset({(0, 5), (0, 0)}), frozenset({8}), 0, 8, ('o2', 'o3', 'empty')), 'o3') -> (frozenset({(1, 7), (1, 4)}), frozenset({5}), 1, 5)
2026-01-20 22:39:20 - cso_atk_info - INFO - ((frozenset({(0, 5), (0, 0)}), frozenset({8}), 0, 8, ('o2', 'o3', 'empty')), 'empty') -> (frozenset({(0, 5), (0, 0)}), frozenset({5}), 0, 5)
2026-01-20 22:39:20 - cso_atk_info - INFO - ((frozenset({(0, 5), (0, 0)}), frozenset({8}), 0, 8), 'o3') -> (frozenset({(0, 5), (0, 0)}), frozenset({8}), 0, 8, ('o2', 'o3', 'empty'))
2026-01-20 22:39:20 - cso_atk_info - INFO - ((frozenset({(0, 5), (0, 0)}), frozenset({4, 6, 7}), 0, 4), 'o2') -> (frozenset({(0, 5), (0, 0)}), frozenset({4, 6, 7}), 0, 4, ('o2', 'o3', 'empty'))
2026-01-20 22:39:20 - cso_atk_info - INFO - ((frozenset({(0, 5), (0, 0)}), frozenset({4, 6, 7}), 0, 4, ('o2', 'o3', 'empty')), 'o2') -> (frozenset({(2, 3), (2, 6)}), frozenset({1, 2, 5}), 2, 1)
2026-01-20 22:39:20 - cso_atk_info - INFO - ((frozenset({(0, 5), (0, 0)}), frozenset({4, 6, 7}), 0, 4, ('o2', 'o3', 'empty')), 'o3') -> (frozenset({(1, 7), (1, 4)}), frozenset({1, 2, 5}), 1, 1)
2026-01-20 22:39:20 - cso_atk_info - INFO - ((frozenset({(0, 5), (0, 0)}), frozenset({4, 6, 7}), 0, 4, ('o2', 'o3', 'empty')), 'empty') -> (frozenset({(0, 5), (0, 0)}), frozenset({1, 2, 5}), 0, 1)
2026-01-20 22:39:20 - cso_atk_info - INFO - ((frozenset({(0, 5), (0, 0)}), frozenset({4, 6, 7}), 0, 4), 'o1') -> (frozenset({(0, 5), (0, 0)}), frozenset({4, 6, 7}), 0, 4, ('o1',))
2026-01-20 22:39:20 - cso_atk_info - INFO - ((frozenset({(0, 5), (0, 0)}), frozenset({4, 6, 7}), 0, 4, ('o1',)), 'o1') -> (frozenset({(0, 1), (0, 2)}), frozenset({4, 6, 7}), 0, 6)
2026-01-20 22:39:20 - cso_atk_info - INFO - ((frozenset({(1, 0), (1, 5)}), frozenset({0, 1, 2, 5}), 1, 0), 'o1') -> (frozenset({(1, 0), (1, 5)}), frozenset({0, 1, 2, 5}), 1, 0, ('o1',))
2026-01-20 22:39:20 - cso_atk_info - INFO - ((frozenset({(1, 0), (1, 5)}), frozenset({0, 1, 2, 5}), 1, 0, ('o1',)), 'o1') -> (frozenset({(1, 1), (1, 2)}), frozenset({0, 1, 2, 5}), 1, 1)
2026-01-20 22:39:20 - cso_atk_info - INFO - ((frozenset({(1, 0), (1, 5)}), frozenset({0, 1, 2, 5}), 1, 0), 'o2') -> (frozenset({(1, 0), (1, 5)}), frozenset({0, 1, 2, 5}), 1, 0, ('o2', 'o3', 'empty'))
2026-01-20 22:39:20 - cso_atk_info - INFO - ((frozenset({(1, 0), (1, 5)}), frozenset({0, 1, 2, 5}), 1, 0, ('o2', 'o3', 'empty')), 'o2') -> (frozenset({(1, 6), (1, 7), (1, 3), (1, 4)}), frozenset({3}), 1, 3)
2026-01-20 22:39:20 - cso_atk_info - INFO - ((frozenset({(1, 0), (1, 5)}), frozenset({0, 1, 2, 5}), 1, 0, ('o2', 'o3', 'empty')), 'o3') -> (frozenset({'AX'}), frozenset({3}), 'z_det', 3)
2026-01-20 22:39:20 - cso_atk_info - INFO - ((frozenset({(1, 0), (1, 5)}), frozenset({0, 1, 2, 5}), 1, 0, ('o2', 'o3', 'empty')), 'empty') -> (frozenset({(1, 0), (1, 5)}), frozenset({3}), 1, 3)
2026-01-20 22:39:20 - cso_atk_info - INFO - ((frozenset({(1, 0), (1, 5)}), frozenset({0, 1, 2, 5}), 1, 0), 'o3') -> (frozenset({(1, 0), (1, 5)}), frozenset({0, 1, 2, 5}), 1, 0, ('o2', 'o3', 'empty'))
2026-01-20 22:39:20 - cso_atk_info - INFO - ((frozenset({(1, 6), (1, 7), (1, 4)}), frozenset({0, 1, 2, 5}), 1, 0), 'o1') -> (frozenset({(1, 6), (1, 7), (1, 4)}), frozenset({0, 1, 2, 5}), 1, 0, ('o1',))
2026-01-20 22:39:20 - cso_atk_info - INFO - ((frozenset({(1, 6), (1, 7), (1, 4)}), frozenset({0, 1, 2, 5}), 1, 0, ('o1',)), 'o1') -> (frozenset({(1, 6), (1, 7), (1, 4)}), frozenset({0, 1, 2, 5}), 1, 1)
2026-01-20 22:39:20 - cso_atk_info - INFO - ((frozenset({(1, 6), (1, 7), (1, 4)}), frozenset({0, 1, 2, 5}), 1, 0), 'o2') -> (frozenset({(1, 6), (1, 7), (1, 4)}), frozenset({0, 1, 2, 5}), 1, 0, ('o2', 'o3', 'empty'))
2026-01-20 22:39:20 - cso_atk_info - INFO - ((frozenset({(1, 6), (1, 7), (1, 4)}), frozenset({0, 1, 2, 5}), 1, 0, ('o2', 'o3', 'empty')), 'o2') -> (frozenset({(1, 1), (1, 2)}), frozenset({3}), 1, 3)
2026-01-20 22:39:20 - cso_atk_info - INFO - ((frozenset({(1, 6), (1, 7), (1, 4)}), frozenset({0, 1, 2, 5}), 1, 0, ('o2', 'o3', 'empty')), 'o3') -> (frozenset({'AX'}), frozenset({3}), 'z_det', 3)
2026-01-20 22:39:20 - cso_atk_info - INFO - ((frozenset({(1, 6), (1, 7), (1, 4)}), frozenset({0, 1, 2, 5}), 1, 0, ('o2', 'o3', 'empty')), 'empty') -> (frozenset({(1, 6), (1, 7), (1, 4)}), frozenset({3}), 1, 3)
2026-01-20 22:39:20 - cso_atk_info - INFO - ((frozenset({(1, 6), (1, 7), (1, 4)}), frozenset({0, 1, 2, 5}), 1, 0), 'o3') -> (frozenset({(1, 6), (1, 7), (1, 4)}), frozenset({0, 1, 2, 5}), 1, 0, ('o2', 'o3', 'empty'))
2026-01-20 22:39:20 - cso_atk_info - INFO - ((frozenset({(1, 6), (1, 7), (1, 4)}), frozenset({1, 2, 5}), 1, 1), 'uo2') -> (frozenset({(1, 6), (1, 7), (1, 4)}), frozenset({1, 2, 5}), 1, 1, ('uo2',))
2026-01-20 22:39:20 - cso_atk_info - INFO - ((frozenset({(1, 6), (1, 7), (1, 4)}), frozenset({1, 2, 5}), 1, 1, ('uo2',)), 'uo2') -> (frozenset({(1, 6), (1, 7), (1, 4)}), frozenset({1, 2, 5}), 1, 2)
2026-01-20 22:39:20 - cso_atk_info - INFO - ((frozenset({(0, 1), (0, 2)}), frozenset({0, 1, 2, 5}), 0, 0), 'o1') -> (frozenset({(0, 1), (0, 2)}), frozenset({0, 1, 2, 5}), 0, 0, ('o1',))
2026-01-20 22:39:20 - cso_atk_info - INFO - ((frozenset({(0, 1), (0, 2)}), frozenset({0, 1, 2, 5}), 0, 0, ('o1',)), 'o1') -> (frozenset({(0, 5), (0, 0)}), frozenset({0, 1, 2, 5}), 0, 1)
2026-01-20 22:39:20 - cso_atk_info - INFO - ((frozenset({(0, 1), (0, 2)}), frozenset({0, 1, 2, 5}), 0, 0), 'o2') -> (frozenset({(0, 1), (0, 2)}), frozenset({0, 1, 2, 5}), 0, 0, ('o2', 'o3', 'empty'))
2026-01-20 22:39:20 - cso_atk_info - INFO - ((frozenset({(0, 1), (0, 2)}), frozenset({0, 1, 2, 5}), 0, 0, ('o2', 'o3', 'empty')), 'o2') -> (frozenset({'AX'}), frozenset({3}), 2, 3)
2026-01-20 22:39:20 - cso_atk_info - INFO - ((frozenset({(0, 1), (0, 2)}), frozenset({0, 1, 2, 5}), 0, 0, ('o2', 'o3', 'empty')), 'o3') -> (frozenset({'AX'}), frozenset({3}), 1, 3)
2026-01-20 22:39:20 - cso_atk_info - INFO - ((frozenset({(0, 1), (0, 2)}), frozenset({0, 1, 2, 5}), 0, 0, ('o2', 'o3', 'empty')), 'empty') -> (frozenset({(0, 1), (0, 2)}), frozenset({3}), 0, 3)
2026-01-20 22:39:20 - cso_atk_info - INFO - ((frozenset({(0, 1), (0, 2)}), frozenset({0, 1, 2, 5}), 0, 0), 'o3') -> (frozenset({(0, 1), (0, 2)}), frozenset({0, 1, 2, 5}), 0, 0, ('o2', 'o3', 'empty'))
2026-01-20 22:39:20 - cso_atk_info - INFO - ((frozenset({(0, 1), (0, 2)}), frozenset({1, 2, 5}), 0, 1), 'uo2') -> (frozenset({(0, 1), (0, 2)}), frozenset({1, 2, 5}), 0, 1, ('uo2',))
2026-01-20 22:39:20 - cso_atk_info - INFO - ((frozenset({(0, 1), (0, 2)}), frozenset({1, 2, 5}), 0, 1, ('uo2',)), 'uo2') -> (frozenset({(0, 1), (0, 2)}), frozenset({1, 2, 5}), 0, 2)
2026-01-20 22:39:20 - cso_atk_info - INFO - ((frozenset({(0, 5), (0, 0)}), frozenset({1, 2, 5}), 0, 1), 'uo2') -> (frozenset({(0, 5), (0, 0)}), frozenset({1, 2, 5}), 0, 1, ('uo2',))
2026-01-20 22:39:20 - cso_atk_info - INFO - ((frozenset({(0, 5), (0, 0)}), frozenset({1, 2, 5}), 0, 1, ('uo2',)), 'uo2') -> (frozenset({(0, 5), (0, 0)}), frozenset({1, 2, 5}), 0, 2)
2026-01-20 22:39:20 - cso_atk_info - INFO - ((frozenset({(1, 1), (1, 2)}), frozenset({0, 1, 2, 5}), 1, 1), 'uo2') -> (frozenset({(1, 1), (1, 2)}), frozenset({0, 1, 2, 5}), 1, 1, ('uo2',))
2026-01-20 22:39:20 - cso_atk_info - INFO - ((frozenset({(1, 1), (1, 2)}), frozenset({0, 1, 2, 5}), 1, 1, ('uo2',)), 'uo2') -> (frozenset({(1, 1), (1, 2)}), frozenset({0, 1, 2, 5}), 1, 2)
2026-01-20 22:39:20 - cso_atk_info - INFO - ((frozenset({(1, 6), (1, 7), (1, 3), (1, 4)}), frozenset({3}), 1, 3), 'o4') -> (frozenset({(1, 6), (1, 7), (1, 3), (1, 4)}), frozenset({3}), 1, 3, ('o4',))
2026-01-20 22:39:20 - cso_atk_info - INFO - ((frozenset({(1, 6), (1, 7), (1, 3), (1, 4)}), frozenset({3}), 1, 3, ('o4',)), 'o4') -> (frozenset({(1, 6), (1, 7), (1, 3), (1, 4)}), frozenset({4, 6, 7}), 1, 6)
2026-01-20 22:39:20 - cso_atk_info - INFO - ((frozenset({(1, 0), (1, 5)}), frozenset({3}), 1, 3), 'o4') -> (frozenset({(1, 0), (1, 5)}), frozenset({3}), 1, 3, ('o4',))
2026-01-20 22:39:20 - cso_atk_info - INFO - ((frozenset({(1, 0), (1, 5)}), frozenset({3}), 1, 3, ('o4',)), 'o4') -> (frozenset({(1, 0), (1, 5)}), frozenset({4, 6, 7}), 1, 6)
2026-01-20 22:39:20 - cso_atk_info - INFO - ((frozenset({(1, 6), (1, 7), (1, 4)}), frozenset({0, 1, 2, 5}), 1, 1), 'uo2') -> (frozenset({(1, 6), (1, 7), (1, 4)}), frozenset({0, 1, 2, 5}), 1, 1, ('uo2',))
2026-01-20 22:39:20 - cso_atk_info - INFO - ((frozenset({(1, 6), (1, 7), (1, 4)}), frozenset({0, 1, 2, 5}), 1, 1, ('uo2',)), 'uo2') -> (frozenset({(1, 6), (1, 7), (1, 4)}), frozenset({0, 1, 2, 5}), 1, 2)
2026-01-20 22:39:20 - cso_atk_info - INFO - ((frozenset({(1, 1), (1, 2)}), frozenset({3}), 1, 3), 'o4') -> (frozenset({(1, 1), (1, 2)}), frozenset({3}), 1, 3, ('o4',))
2026-01-20 22:39:20 - cso_atk_info - INFO - ((frozenset({(1, 1), (1, 2)}), frozenset({3}), 1, 3, ('o4',)), 'o4') -> (frozenset({(1, 1), (1, 2)}), frozenset({4, 6, 7}), 1, 6)
2026-01-20 22:39:20 - cso_atk_info - INFO - ((frozenset({(1, 6), (1, 7), (1, 4)}), frozenset({3}), 1, 3), 'o4') -> (frozenset({(1, 6), (1, 7), (1, 4)}), frozenset({3}), 1, 3, ('o4',))
2026-01-20 22:39:20 - cso_atk_info - INFO - ((frozenset({(1, 6), (1, 7), (1, 4)}), frozenset({3}), 1, 3, ('o4',)), 'o4') -> (frozenset({(1, 6), (1, 7), (1, 4)}), frozenset({4, 6, 7}), 1, 6)
2026-01-20 22:39:20 - cso_atk_info - INFO - ((frozenset({(1, 6), (1, 7), (1, 4)}), frozenset({1, 2, 5}), 1, 2), 'o1') -> (frozenset({(1, 6), (1, 7), (1, 4)}), frozenset({1, 2, 5}), 1, 2, ('o1',))
2026-01-20 22:39:20 - cso_atk_info - INFO - ((frozenset({(1, 6), (1, 7), (1, 4)}), frozenset({1, 2, 5}), 1, 2, ('o1',)), 'o1') -> (frozenset({(1, 6), (1, 7), (1, 4)}), frozenset({1, 2, 5}), 1, 5)
2026-01-20 22:39:20 - cso_atk_info - INFO - ((frozenset({(0, 5), (0, 0)}), frozenset({0, 1, 2, 5}), 0, 1), 'uo2') -> (frozenset({(0, 5), (0, 0)}), frozenset({0, 1, 2, 5}), 0, 1, ('uo2',))
2026-01-20 22:39:20 - cso_atk_info - INFO - ((frozenset({(0, 5), (0, 0)}), frozenset({0, 1, 2, 5}), 0, 1, ('uo2',)), 'uo2') -> (frozenset({(0, 5), (0, 0)}), frozenset({0, 1, 2, 5}), 0, 2)
2026-01-20 22:39:20 - cso_atk_info - INFO - ((frozenset({(0, 1), (0, 2)}), frozenset({3}), 0, 3), 'o4') -> (frozenset({(0, 1), (0, 2)}), frozenset({3}), 0, 3, ('o4',))
2026-01-20 22:39:20 - cso_atk_info - INFO - ((frozenset({(0, 1), (0, 2)}), frozenset({3}), 0, 3, ('o4',)), 'o4') -> (frozenset({(0, 1), (0, 2)}), frozenset({4, 6, 7}), 0, 6)
2026-01-20 22:39:20 - cso_atk_info - INFO - ((frozenset({(0, 1), (0, 2)}), frozenset({1, 2, 5}), 0, 2), 'o1') -> (frozenset({(0, 1), (0, 2)}), frozenset({1, 2, 5}), 0, 2, ('o1',))
2026-01-20 22:39:20 - cso_atk_info - INFO - ((frozenset({(0, 1), (0, 2)}), frozenset({1, 2, 5}), 0, 2, ('o1',)), 'o1') -> (frozenset({(0, 5), (0, 0)}), frozenset({1, 2, 5}), 0, 5)
2026-01-20 22:39:20 - cso_atk_info - INFO - ((frozenset({(0, 5), (0, 0)}), frozenset({1, 2, 5}), 0, 2), 'o1') -> (frozenset({(0, 5), (0, 0)}), frozenset({1, 2, 5}), 0, 2, ('o1',))
2026-01-20 22:39:20 - cso_atk_info - INFO - ((frozenset({(0, 5), (0, 0)}), frozenset({1, 2, 5}), 0, 2, ('o1',)), 'o1') -> (frozenset({(0, 1), (0, 2)}), frozenset({1, 2, 5}), 0, 5)
2026-01-20 22:39:20 - cso_atk_info - INFO - ((frozenset({(1, 1), (1, 2)}), frozenset({0, 1, 2, 5}), 1, 2), 'o1') -> (frozenset({(1, 1), (1, 2)}), frozenset({0, 1, 2, 5}), 1, 2, ('o1',))
2026-01-20 22:39:20 - cso_atk_info - INFO - ((frozenset({(1, 1), (1, 2)}), frozenset({0, 1, 2, 5}), 1, 2, ('o1',)), 'o1') -> (frozenset({(1, 0), (1, 5)}), frozenset({0, 1, 2, 5}), 1, 5)
2026-01-20 22:39:20 - cso_atk_info - INFO - ((frozenset({(1, 6), (1, 7), (1, 3), (1, 4)}), frozenset({4, 6, 7}), 1, 6), 'uo3') -> (frozenset({(1, 6), (1, 7), (1, 3), (1, 4)}), frozenset({4, 6, 7}), 1, 6, ('uo3',))
2026-01-20 22:39:20 - cso_atk_info - INFO - ((frozenset({(1, 6), (1, 7), (1, 3), (1, 4)}), frozenset({4, 6, 7}), 1, 6, ('uo3',)), 'uo3') -> (frozenset({(1, 6), (1, 7), (1, 3), (1, 4)}), frozenset({4, 6, 7}), 1, 7)
2026-01-20 22:39:20 - cso_atk_info - INFO - ((frozenset({(1, 0), (1, 5)}), frozenset({4, 6, 7}), 1, 6), 'uo3') -> (frozenset({(1, 0), (1, 5)}), frozenset({4, 6, 7}), 1, 6, ('uo3',))
2026-01-20 22:39:20 - cso_atk_info - INFO - ((frozenset({(1, 0), (1, 5)}), frozenset({4, 6, 7}), 1, 6, ('uo3',)), 'uo3') -> (frozenset({(1, 0), (1, 5)}), frozenset({4, 6, 7}), 1, 7)
2026-01-20 22:39:20 - cso_atk_info - INFO - ((frozenset({(1, 6), (1, 7), (1, 4)}), frozenset({0, 1, 2, 5}), 1, 2), 'o1') -> (frozenset({(1, 6), (1, 7), (1, 4)}), frozenset({0, 1, 2, 5}), 1, 2, ('o1',))
2026-01-20 22:39:20 - cso_atk_info - INFO - ((frozenset({(1, 6), (1, 7), (1, 4)}), frozenset({0, 1, 2, 5}), 1, 2, ('o1',)), 'o1') -> (frozenset({(1, 6), (1, 7), (1, 4)}), frozenset({0, 1, 2, 5}), 1, 5)
2026-01-20 22:39:20 - cso_atk_info - INFO - ((frozenset({(1, 1), (1, 2)}), frozenset({4, 6, 7}), 1, 6), 'uo3') -> (frozenset({(1, 1), (1, 2)}), frozenset({4, 6, 7}), 1, 6, ('uo3',))
2026-01-20 22:39:20 - cso_atk_info - INFO - ((frozenset({(1, 1), (1, 2)}), frozenset({4, 6, 7}), 1, 6, ('uo3',)), 'uo3') -> (frozenset({(1, 1), (1, 2)}), frozenset({4, 6, 7}), 1, 7)
2026-01-20 22:39:20 - cso_atk_info - INFO - ((frozenset({(0, 5), (0, 0)}), frozenset({0, 1, 2, 5}), 0, 2), 'o1') -> (frozenset({(0, 5), (0, 0)}), frozenset({0, 1, 2, 5}), 0, 2, ('o1',))
2026-01-20 22:39:20 - cso_atk_info - INFO - ((frozenset({(0, 5), (0, 0)}), frozenset({0, 1, 2, 5}), 0, 2, ('o1',)), 'o1') -> (frozenset({(0, 1), (0, 2)}), frozenset({0, 1, 2, 5}), 0, 5)
2026-01-20 22:39:20 - cso_atk_info - INFO - ((frozenset({(0, 5), (0, 0)}), frozenset({1, 2, 5}), 0, 5), 'o4') -> (frozenset({(0, 5), (0, 0)}), frozenset({1, 2, 5}), 0, 5, ('o4',))
2026-01-20 22:39:20 - cso_atk_info - INFO - ((frozenset({(0, 5), (0, 0)}), frozenset({1, 2, 5}), 0, 5, ('o4',)), 'o4') -> (frozenset({(0, 5), (0, 0)}), frozenset({0, 1, 2, 5}), 0, 0)
2026-01-20 22:39:20 - cso_atk_info - INFO - ((frozenset({(1, 0), (1, 5)}), frozenset({0, 1, 2, 5}), 1, 5), 'o4') -> (frozenset({(1, 0), (1, 5)}), frozenset({0, 1, 2, 5}), 1, 5, ('o4',))
2026-01-20 22:39:20 - cso_atk_info - INFO - ((frozenset({(1, 0), (1, 5)}), frozenset({0, 1, 2, 5}), 1, 5, ('o4',)), 'o4') -> (frozenset({(1, 0), (1, 5)}), frozenset({0, 1, 2, 5}), 1, 0)
2026-01-20 22:39:20 - cso_atk_info - INFO - ((frozenset({(1, 6), (1, 7), (1, 3), (1, 4)}), frozenset({4, 6, 7}), 1, 7), 'o3') -> (frozenset({(1, 6), (1, 7), (1, 3), (1, 4)}), frozenset({4, 6, 7}), 1, 7, ('o2', 'o3', 'empty'))
2026-01-20 22:39:20 - cso_atk_info - INFO - ((frozenset({(1, 6), (1, 7), (1, 3), (1, 4)}), frozenset({4, 6, 7}), 1, 7, ('o2', 'o3', 'empty')), 'o2') -> (frozenset({(1, 1), (1, 2)}), frozenset({8}), 1, 8)
2026-01-20 22:39:20 - cso_atk_info - INFO - ((frozenset({(1, 6), (1, 7), (1, 3), (1, 4)}), frozenset({4, 6, 7}), 1, 7, ('o2', 'o3', 'empty')), 'o3') -> (frozenset({'AX'}), frozenset({8}), 'z_det', 8)
2026-01-20 22:39:20 - cso_atk_info - INFO - ((frozenset({(1, 6), (1, 7), (1, 3), (1, 4)}), frozenset({4, 6, 7}), 1, 7, ('o2', 'o3', 'empty')), 'empty') -> (frozenset({(1, 6), (1, 7), (1, 3), (1, 4)}), frozenset({8}), 1, 8)
2026-01-20 22:39:20 - cso_atk_info - INFO - ((frozenset({(1, 6), (1, 7), (1, 3), (1, 4)}), frozenset({4, 6, 7}), 1, 7), 'uo1') -> (frozenset({(1, 6), (1, 7), (1, 3), (1, 4)}), frozenset({4, 6, 7}), 1, 7, ('uo1',))
2026-01-20 22:39:20 - cso_atk_info - INFO - ((frozenset({(1, 6), (1, 7), (1, 3), (1, 4)}), frozenset({4, 6, 7}), 1, 7, ('uo1',)), 'uo1') -> (frozenset({(1, 6), (1, 7), (1, 3), (1, 4)}), frozenset({4, 6, 7}), 1, 4)
2026-01-20 22:39:20 - cso_atk_info - INFO - ((frozenset({(1, 0), (1, 5)}), frozenset({4, 6, 7}), 1, 7), 'o3') -> (frozenset({(1, 0), (1, 5)}), frozenset({4, 6, 7}), 1, 7, ('o2', 'o3', 'empty'))
2026-01-20 22:39:20 - cso_atk_info - INFO - ((frozenset({(1, 0), (1, 5)}), frozenset({4, 6, 7}), 1, 7, ('o2', 'o3', 'empty')), 'o2') -> (frozenset({(1, 6), (1, 7), (1, 3), (1, 4)}), frozenset({8}), 1, 8)
2026-01-20 22:39:20 - cso_atk_info - INFO - ((frozenset({(1, 0), (1, 5)}), frozenset({4, 6, 7}), 1, 7, ('o2', 'o3', 'empty')), 'o3') -> (frozenset({'AX'}), frozenset({8}), 'z_det', 8)
2026-01-20 22:39:20 - cso_atk_info - INFO - ((frozenset({(1, 0), (1, 5)}), frozenset({4, 6, 7}), 1, 7, ('o2', 'o3', 'empty')), 'empty') -> (frozenset({(1, 0), (1, 5)}), frozenset({8}), 1, 8)
2026-01-20 22:39:20 - cso_atk_info - INFO - ((frozenset({(1, 0), (1, 5)}), frozenset({4, 6, 7}), 1, 7), 'uo1') -> (frozenset({(1, 0), (1, 5)}), frozenset({4, 6, 7}), 1, 7, ('uo1',))
2026-01-20 22:39:20 - cso_atk_info - INFO - ((frozenset({(1, 0), (1, 5)}), frozenset({4, 6, 7}), 1, 7, ('uo1',)), 'uo1') -> (frozenset({(1, 0), (1, 5)}), frozenset({4, 6, 7}), 1, 4)
2026-01-20 22:39:20 - cso_atk_info - INFO - ((frozenset({(1, 6), (1, 7), (1, 4)}), frozenset({0, 1, 2, 5}), 1, 5), 'o4') -> (frozenset({(1, 6), (1, 7), (1, 4)}), frozenset({0, 1, 2, 5}), 1, 5, ('o4',))
2026-01-20 22:39:20 - cso_atk_info - INFO - ((frozenset({(1, 6), (1, 7), (1, 4)}), frozenset({0, 1, 2, 5}), 1, 5, ('o4',)), 'o4') -> (frozenset({(1, 6), (1, 7), (1, 4)}), frozenset({0, 1, 2, 5}), 1, 0)
2026-01-20 22:39:20 - cso_atk_info - INFO - ((frozenset({(1, 1), (1, 2)}), frozenset({4, 6, 7}), 1, 7), 'o3') -> (frozenset({(1, 1), (1, 2)}), frozenset({4, 6, 7}), 1, 7, ('o2', 'o3', 'empty'))
2026-01-20 22:39:20 - cso_atk_info - INFO - ((frozenset({(1, 1), (1, 2)}), frozenset({4, 6, 7}), 1, 7, ('o2', 'o3', 'empty')), 'o2') -> (frozenset({'AX'}), frozenset({8}), 1, 8)
2026-01-20 22:39:20 - cso_atk_info - INFO - ((frozenset({(1, 1), (1, 2)}), frozenset({4, 6, 7}), 1, 7, ('o2', 'o3', 'empty')), 'o3') -> (frozenset({'AX'}), frozenset({8}), 'z_det', 8)
2026-01-20 22:39:20 - cso_atk_info - INFO - ((frozenset({(1, 1), (1, 2)}), frozenset({4, 6, 7}), 1, 7, ('o2', 'o3', 'empty')), 'empty') -> (frozenset({(1, 1), (1, 2)}), frozenset({8}), 1, 8)
2026-01-20 22:39:20 - cso_atk_info - INFO - ((frozenset({(1, 1), (1, 2)}), frozenset({4, 6, 7}), 1, 7), 'uo1') -> (frozenset({(1, 1), (1, 2)}), frozenset({4, 6, 7}), 1, 7, ('uo1',))
2026-01-20 22:39:20 - cso_atk_info - INFO - ((frozenset({(1, 1), (1, 2)}), frozenset({4, 6, 7}), 1, 7, ('uo1',)), 'uo1') -> (frozenset({(1, 1), (1, 2)}), frozenset({4, 6, 7}), 1, 4)
2026-01-20 22:39:20 - cso_atk_info - INFO - ((frozenset({(0, 1), (0, 2)}), frozenset({0, 1, 2, 5}), 0, 5), 'o4') -> (frozenset({(0, 1), (0, 2)}), frozenset({0, 1, 2, 5}), 0, 5, ('o4',))
2026-01-20 22:39:20 - cso_atk_info - INFO - ((frozenset({(0, 1), (0, 2)}), frozenset({0, 1, 2, 5}), 0, 5, ('o4',)), 'o4') -> (frozenset({(0, 1), (0, 2)}), frozenset({0, 1, 2, 5}), 0, 0)
2026-01-20 22:39:20 - cso_atk_info - INFO - ((frozenset({(1, 6), (1, 7), (1, 3), (1, 4)}), frozenset({8}), 1, 8), 'o2') -> (frozenset({(1, 6), (1, 7), (1, 3), (1, 4)}), frozenset({8}), 1, 8, ('o2', 'o3', 'empty'))
2026-01-20 22:39:20 - cso_atk_info - INFO - ((frozenset({(1, 6), (1, 7), (1, 3), (1, 4)}), frozenset({8}), 1, 8, ('o2', 'o3', 'empty')), 'o2') -> (frozenset({(1, 1), (1, 2)}), frozenset({5}), 1, 5)
2026-01-20 22:39:20 - cso_atk_info - INFO - ((frozenset({(1, 6), (1, 7), (1, 3), (1, 4)}), frozenset({8}), 1, 8, ('o2', 'o3', 'empty')), 'o3') -> (frozenset({'AX'}), frozenset({5}), 'z_det', 5)
2026-01-20 22:39:20 - cso_atk_info - INFO - ((frozenset({(1, 6), (1, 7), (1, 3), (1, 4)}), frozenset({8}), 1, 8, ('o2', 'o3', 'empty')), 'empty') -> (frozenset({(1, 6), (1, 7), (1, 3), (1, 4)}), frozenset({5}), 1, 5)
2026-01-20 22:39:20 - cso_atk_info - INFO - ((frozenset({(1, 6), (1, 7), (1, 3), (1, 4)}), frozenset({8}), 1, 8), 'o3') -> (frozenset({(1, 6), (1, 7), (1, 3), (1, 4)}), frozenset({8}), 1, 8, ('o2', 'o3', 'empty'))
2026-01-20 22:39:20 - cso_atk_info - INFO - ((frozenset({(1, 6), (1, 7), (1, 3), (1, 4)}), frozenset({4, 6, 7}), 1, 4), 'o2') -> (frozenset({(1, 6), (1, 7), (1, 3), (1, 4)}), frozenset({4, 6, 7}), 1, 4, ('o2', 'o3', 'empty'))
2026-01-20 22:39:20 - cso_atk_info - INFO - ((frozenset({(1, 6), (1, 7), (1, 3), (1, 4)}), frozenset({4, 6, 7}), 1, 4, ('o2', 'o3', 'empty')), 'o2') -> (frozenset({(1, 1), (1, 2)}), frozenset({1, 2, 5}), 1, 1)
2026-01-20 22:39:20 - cso_atk_info - INFO - ((frozenset({(1, 6), (1, 7), (1, 3), (1, 4)}), frozenset({4, 6, 7}), 1, 4, ('o2', 'o3', 'empty')), 'o3') -> (frozenset({'AX'}), frozenset({1, 2, 5}), 'z_det', 1)
2026-01-20 22:39:20 - cso_atk_info - INFO - ((frozenset({(1, 6), (1, 7), (1, 3), (1, 4)}), frozenset({4, 6, 7}), 1, 4, ('o2', 'o3', 'empty')), 'empty') -> (frozenset({(1, 6), (1, 7), (1, 3), (1, 4)}), frozenset({1, 2, 5}), 1, 1)
2026-01-20 22:39:20 - cso_atk_info - INFO - ((frozenset({(1, 6), (1, 7), (1, 3), (1, 4)}), frozenset({4, 6, 7}), 1, 4), 'o1') -> (frozenset({(1, 6), (1, 7), (1, 3), (1, 4)}), frozenset({4, 6, 7}), 1, 4, ('o1',))
2026-01-20 22:39:20 - cso_atk_info - INFO - ((frozenset({(1, 6), (1, 7), (1, 3), (1, 4)}), frozenset({4, 6, 7}), 1, 4, ('o1',)), 'o1') -> (frozenset({(1, 6), (1, 7), (1, 4)}), frozenset({4, 6, 7}), 1, 6)
2026-01-20 22:39:20 - cso_atk_info - INFO - ((frozenset({(1, 0), (1, 5)}), frozenset({8}), 1, 8), 'o2') -> (frozenset({(1, 0), (1, 5)}), frozenset({8}), 1, 8, ('o2', 'o3', 'empty'))
2026-01-20 22:39:20 - cso_atk_info - INFO - ((frozenset({(1, 0), (1, 5)}), frozenset({8}), 1, 8, ('o2', 'o3', 'empty')), 'o2') -> (frozenset({(1, 6), (1, 7), (1, 3), (1, 4)}), frozenset({5}), 1, 5)
2026-01-20 22:39:20 - cso_atk_info - INFO - ((frozenset({(1, 0), (1, 5)}), frozenset({8}), 1, 8, ('o2', 'o3', 'empty')), 'o3') -> (frozenset({'AX'}), frozenset({5}), 'z_det', 5)
2026-01-20 22:39:20 - cso_atk_info - INFO - ((frozenset({(1, 0), (1, 5)}), frozenset({8}), 1, 8, ('o2', 'o3', 'empty')), 'empty') -> (frozenset({(1, 0), (1, 5)}), frozenset({5}), 1, 5)
2026-01-20 22:39:20 - cso_atk_info - INFO - ((frozenset({(1, 0), (1, 5)}), frozenset({8}), 1, 8), 'o3') -> (frozenset({(1, 0), (1, 5)}), frozenset({8}), 1, 8, ('o2', 'o3', 'empty'))
2026-01-20 22:39:20 - cso_atk_info - INFO - ((frozenset({(1, 0), (1, 5)}), frozenset({4, 6, 7}), 1, 4), 'o2') -> (frozenset({(1, 0), (1, 5)}), frozenset({4, 6, 7}), 1, 4, ('o2', 'o3', 'empty'))
2026-01-20 22:39:20 - cso_atk_info - INFO - ((frozenset({(1, 0), (1, 5)}), frozenset({4, 6, 7}), 1, 4, ('o2', 'o3', 'empty')), 'o2') -> (frozenset({(1, 6), (1, 7), (1, 3), (1, 4)}), frozenset({1, 2, 5}), 1, 1)
2026-01-20 22:39:20 - cso_atk_info - INFO - ((frozenset({(1, 0), (1, 5)}), frozenset({4, 6, 7}), 1, 4, ('o2', 'o3', 'empty')), 'o3') -> (frozenset({'AX'}), frozenset({1, 2, 5}), 'z_det', 1)
2026-01-20 22:39:20 - cso_atk_info - INFO - ((frozenset({(1, 0), (1, 5)}), frozenset({4, 6, 7}), 1, 4, ('o2', 'o3', 'empty')), 'empty') -> (frozenset({(1, 0), (1, 5)}), frozenset({1, 2, 5}), 1, 1)
2026-01-20 22:39:20 - cso_atk_info - INFO - ((frozenset({(1, 0), (1, 5)}), frozenset({4, 6, 7}), 1, 4), 'o1') -> (frozenset({(1, 0), (1, 5)}), frozenset({4, 6, 7}), 1, 4, ('o1',))
2026-01-20 22:39:20 - cso_atk_info - INFO - ((frozenset({(1, 0), (1, 5)}), frozenset({4, 6, 7}), 1, 4, ('o1',)), 'o1') -> (frozenset({(1, 1), (1, 2)}), frozenset({4, 6, 7}), 1, 6)
2026-01-20 22:39:20 - cso_atk_info - INFO - ((frozenset({(1, 1), (1, 2)}), frozenset({4, 6, 7}), 1, 4), 'o2') -> (frozenset({(1, 1), (1, 2)}), frozenset({4, 6, 7}), 1, 4, ('o2', 'o3', 'empty'))
2026-01-20 22:39:20 - cso_atk_info - INFO - ((frozenset({(1, 1), (1, 2)}), frozenset({4, 6, 7}), 1, 4, ('o2', 'o3', 'empty')), 'o2') -> (frozenset({'AX'}), frozenset({1, 2, 5}), 1, 1)
2026-01-20 22:39:20 - cso_atk_info - INFO - ((frozenset({(1, 1), (1, 2)}), frozenset({4, 6, 7}), 1, 4, ('o2', 'o3', 'empty')), 'o3') -> (frozenset({'AX'}), frozenset({1, 2, 5}), 'z_det', 1)
2026-01-20 22:39:20 - cso_atk_info - INFO - ((frozenset({(1, 1), (1, 2)}), frozenset({4, 6, 7}), 1, 4, ('o2', 'o3', 'empty')), 'empty') -> (frozenset({(1, 1), (1, 2)}), frozenset({1, 2, 5}), 1, 1)
2026-01-20 22:39:20 - cso_atk_info - INFO - ((frozenset({(1, 1), (1, 2)}), frozenset({4, 6, 7}), 1, 4), 'o1') -> (frozenset({(1, 1), (1, 2)}), frozenset({4, 6, 7}), 1, 4, ('o1',))
2026-01-20 22:39:20 - cso_atk_info - INFO - ((frozenset({(1, 1), (1, 2)}), frozenset({4, 6, 7}), 1, 4, ('o1',)), 'o1') -> (frozenset({(1, 0), (1, 5)}), frozenset({4, 6, 7}), 1, 6)
2026-01-20 22:39:20 - cso_atk_info - INFO - ((frozenset({(1, 6), (1, 7), (1, 3), (1, 4)}), frozenset({1, 2, 5}), 1, 1), 'uo2') -> (frozenset({(1, 6), (1, 7), (1, 3), (1, 4)}), frozenset({1, 2, 5}), 1, 1, ('uo2',))
2026-01-20 22:39:20 - cso_atk_info - INFO - ((frozenset({(1, 6), (1, 7), (1, 3), (1, 4)}), frozenset({1, 2, 5}), 1, 1, ('uo2',)), 'uo2') -> (frozenset({(1, 6), (1, 7), (1, 3), (1, 4)}), frozenset({1, 2, 5}), 1, 2)
2026-01-20 22:39:20 - cso_atk_info - INFO - ((frozenset({(1, 0), (1, 5)}), frozenset({1, 2, 5}), 1, 1), 'uo2') -> (frozenset({(1, 0), (1, 5)}), frozenset({1, 2, 5}), 1, 1, ('uo2',))
2026-01-20 22:39:20 - cso_atk_info - INFO - ((frozenset({(1, 0), (1, 5)}), frozenset({1, 2, 5}), 1, 1, ('uo2',)), 'uo2') -> (frozenset({(1, 0), (1, 5)}), frozenset({1, 2, 5}), 1, 2)
2026-01-20 22:39:20 - cso_atk_info - INFO - ((frozenset({(1, 6), (1, 7), (1, 3), (1, 4)}), frozenset({1, 2, 5}), 1, 2), 'o1') -> (frozenset({(1, 6), (1, 7), (1, 3), (1, 4)}), frozenset({1, 2, 5}), 1, 2, ('o1',))
2026-01-20 22:39:20 - cso_atk_info - INFO - ((frozenset({(1, 6), (1, 7), (1, 3), (1, 4)}), frozenset({1, 2, 5}), 1, 2, ('o1',)), 'o1') -> (frozenset({(1, 6), (1, 7), (1, 4)}), frozenset({1, 2, 5}), 1, 5)
2026-01-20 22:39:20 - cso_atk_info - INFO - ((frozenset({(1, 0), (1, 5)}), frozenset({1, 2, 5}), 1, 2), 'o1') -> (frozenset({(1, 0), (1, 5)}), frozenset({1, 2, 5}), 1, 2, ('o1',))
2026-01-20 22:39:20 - cso_atk_info - INFO - ((frozenset({(1, 0), (1, 5)}), frozenset({1, 2, 5}), 1, 2, ('o1',)), 'o1') -> (frozenset({(1, 1), (1, 2)}), frozenset({1, 2, 5}), 1, 5)
2026-01-20 22:39:20 - cso_atk_info - INFO - ((frozenset({(1, 1), (1, 2)}), frozenset({1, 2, 5}), 1, 5), 'o4') -> (frozenset({(1, 1), (1, 2)}), frozenset({1, 2, 5}), 1, 5, ('o4',))
2026-01-20 22:39:20 - cso_atk_info - INFO - ((frozenset({(1, 1), (1, 2)}), frozenset({1, 2, 5}), 1, 5, ('o4',)), 'o4') -> (frozenset({(1, 1), (1, 2)}), frozenset({0, 1, 2, 5}), 1, 0)
2026-01-20 22:39:20 - cso_atk_info - INFO - ((frozenset({(1, 1), (1, 2)}), frozenset({0, 1, 2, 5}), 1, 0), 'o1') -> (frozenset({(1, 1), (1, 2)}), frozenset({0, 1, 2, 5}), 1, 0, ('o1',))
2026-01-20 22:39:20 - cso_atk_info - INFO - ((frozenset({(1, 1), (1, 2)}), frozenset({0, 1, 2, 5}), 1, 0, ('o1',)), 'o1') -> (frozenset({(1, 0), (1, 5)}), frozenset({0, 1, 2, 5}), 1, 1)
2026-01-20 22:39:20 - cso_atk_info - INFO - ((frozenset({(1, 1), (1, 2)}), frozenset({0, 1, 2, 5}), 1, 0), 'o2') -> (frozenset({(1, 1), (1, 2)}), frozenset({0, 1, 2, 5}), 1, 0, ('o2', 'o3', 'empty'))
2026-01-20 22:39:20 - cso_atk_info - INFO - ((frozenset({(1, 1), (1, 2)}), frozenset({0, 1, 2, 5}), 1, 0, ('o2', 'o3', 'empty')), 'o2') -> (frozenset({'AX'}), frozenset({3}), 1, 3)
2026-01-20 22:39:20 - cso_atk_info - INFO - ((frozenset({(1, 1), (1, 2)}), frozenset({0, 1, 2, 5}), 1, 0, ('o2', 'o3', 'empty')), 'o3') -> (frozenset({'AX'}), frozenset({3}), 'z_det', 3)
2026-01-20 22:39:20 - cso_atk_info - INFO - ((frozenset({(1, 1), (1, 2)}), frozenset({0, 1, 2, 5}), 1, 0, ('o2', 'o3', 'empty')), 'empty') -> (frozenset({(1, 1), (1, 2)}), frozenset({3}), 1, 3)
2026-01-20 22:39:20 - cso_atk_info - INFO - ((frozenset({(1, 1), (1, 2)}), frozenset({0, 1, 2, 5}), 1, 0), 'o3') -> (frozenset({(1, 1), (1, 2)}), frozenset({0, 1, 2, 5}), 1, 0, ('o2', 'o3', 'empty'))
2026-01-20 22:39:20 - cso_atk_info - INFO - ((frozenset({(1, 0), (1, 5)}), frozenset({0, 1, 2, 5}), 1, 1), 'uo2') -> (frozenset({(1, 0), (1, 5)}), frozenset({0, 1, 2, 5}), 1, 1, ('uo2',))
2026-01-20 22:39:20 - cso_atk_info - INFO - ((frozenset({(1, 0), (1, 5)}), frozenset({0, 1, 2, 5}), 1, 1, ('uo2',)), 'uo2') -> (frozenset({(1, 0), (1, 5)}), frozenset({0, 1, 2, 5}), 1, 2)
2026-01-20 22:39:20 - cso_atk_info - INFO - ((frozenset({(1, 0), (1, 5)}), frozenset({0, 1, 2, 5}), 1, 2), 'o1') -> (frozenset({(1, 0), (1, 5)}), frozenset({0, 1, 2, 5}), 1, 2, ('o1',))
2026-01-20 22:39:20 - cso_atk_info - INFO - ((frozenset({(1, 0), (1, 5)}), frozenset({0, 1, 2, 5}), 1, 2, ('o1',)), 'o1') -> (frozenset({(1, 1), (1, 2)}), frozenset({0, 1, 2, 5}), 1, 5)
2026-01-20 22:39:20 - cso_atk_info - INFO - ((frozenset({(1, 1), (1, 2)}), frozenset({0, 1, 2, 5}), 1, 5), 'o4') -> (frozenset({(1, 1), (1, 2)}), frozenset({0, 1, 2, 5}), 1, 5, ('o4',))
2026-01-20 22:39:20 - cso_atk_info - INFO - ((frozenset({(1, 1), (1, 2)}), frozenset({0, 1, 2, 5}), 1, 5, ('o4',)), 'o4') -> (frozenset({(1, 1), (1, 2)}), frozenset({0, 1, 2, 5}), 1, 0)
2026-01-20 22:39:20 - cso_atk_info - INFO - ============================================================
